<?xml version="1.0" encoding="UTF-8"?>
<!-- Generated by org.testng.reporters.JUnitReportReporter -->
<testsuite hostname="Dhanushs-MacBook-Pro-2.local" failures="0" tests="70" name="com.smartfund.tests.AuthorizationAndProfileTests" time="0.071" errors="0" timestamp="2026-08-06T11:50:02 IST" skipped="0">
  <testcase classname="com.smartfund.tests.AuthorizationAndProfileTests" name="testReg013" time="0.001"/>
  <testcase classname="com.smartfund.tests.AuthorizationAndProfileTests" name="testAuthz021" time="0.003"/>
  <testcase classname="com.smartfund.tests.AuthorizationAndProfileTests" name="testProf003" time="0.000"/>
  <testcase classname="com.smartfund.tests.AuthorizationAndProfileTests" name="testProf019" time="0.001"/>
  <testcase classname="com.smartfund.tests.AuthorizationAndProfileTests" name="testReg012" time="0.002"/>
  <testcase classname="com.smartfund.tests.AuthorizationAndProfileTests" name="testAuthz012" time="0.001"/>
  <testcase classname="com.smartfund.tests.AuthorizationAndProfileTests" name="testAuthz014" time="0.002"/>
  <testcase classname="com.smartfund.tests.AuthorizationAndProfileTests" name="testProf009" time="0.001"/>
  <testcase classname="com.smartfund.tests.AuthorizationAndProfileTests" name="testReg014" time="0.001"/>
  <testcase classname="com.smartfund.tests.AuthorizationAndProfileTests" name="testProf007" time="0.002"/>
  <testcase classname="com.smartfund.tests.AuthorizationAndProfileTests" name="testAuthz025" time="0.000"/>
  <testcase classname="com.smartfund.tests.AuthorizationAndProfileTests" name="testProf018" time="0.001"/>
  <testcase classname="com.smartfund.tests.AuthorizationAndProfileTests" name="testReg016" time="0.000"/>
  <testcase classname="com.smartfund.tests.AuthorizationAndProfileTests" name="testAuthz017" time="0.002"/>
  <testcase classname="com.smartfund.tests.AuthorizationAndProfileTests" name="testProf015" time="0.001"/>
  <testcase classname="com.smartfund.tests.AuthorizationAndProfileTests" name="testAuthz013" time="0.000"/>
  <testcase classname="com.smartfund.tests.AuthorizationAndProfileTests" name="testProf008" time="0.001"/>
  <testcase classname="com.smartfund.tests.AuthorizationAndProfileTests" name="testReg018" time="0.000"/>
  <testcase classname="com.smartfund.tests.AuthorizationAndProfileTests" name="testAuthz022" time="0.002"/>
  <testcase classname="com.smartfund.tests.AuthorizationAndProfileTests" name="testProf020" time="0.001"/>
  <testcase classname="com.smartfund.tests.AuthorizationAndProfileTests" name="testAuthz007" time="0.000"/>
  <testcase classname="com.smartfund.tests.AuthorizationAndProfileTests" name="testAuthz018" time="0.001"/>
  <testcase classname="com.smartfund.tests.AuthorizationAndProfileTests" name="testProf011" time="0.001"/>
  <testcase classname="com.smartfund.tests.AuthorizationAndProfileTests" name="testProf016" time="0.001"/>
  <testcase classname="com.smartfund.tests.AuthorizationAndProfileTests" name="testAuthz006" time="0.000"/>
  <testcase classname="com.smartfund.tests.AuthorizationAndProfileTests" name="testReg009" time="0.001"/>
  <testcase classname="com.smartfund.tests.AuthorizationAndProfileTests" name="testAuthz030" time="0.002"/>
  <testcase classname="com.smartfund.tests.AuthorizationAndProfileTests" name="testReg010" time="0.001"/>
  <testcase classname="com.smartfund.tests.AuthorizationAndProfileTests" name="testReg004" time="0.001"/>
  <testcase classname="com.smartfund.tests.AuthorizationAndProfileTests" name="testAuthz026" time="0.002"/>
  <testcase classname="com.smartfund.tests.AuthorizationAndProfileTests" name="testAuthz010" time="0.002"/>
  <testcase classname="com.smartfund.tests.AuthorizationAndProfileTests" name="testAuthz027" time="0.001"/>
  <testcase classname="com.smartfund.tests.AuthorizationAndProfileTests" name="testReg020" time="0.002"/>
  <testcase classname="com.smartfund.tests.AuthorizationAndProfileTests" name="testReg015" time="0.000"/>
  <testcase classname="com.smartfund.tests.AuthorizationAndProfileTests" name="testAuthz023" time="0.001"/>
  <testcase classname="com.smartfund.tests.AuthorizationAndProfileTests" name="testAuthz002" time="0.002"/>
  <testcase classname="com.smartfund.tests.AuthorizationAndProfileTests" name="testReg002" time="0.001"/>
  <testcase classname="com.smartfund.tests.AuthorizationAndProfileTests" name="testAuthz015" time="0.001"/>
  <testcase classname="com.smartfund.tests.AuthorizationAndProfileTests" name="testProf014" time="0.001"/>
  <testcase classname="com.smartfund.tests.AuthorizationAndProfileTests" name="testReg007" time="0.004"/>
  <testcase classname="com.smartfund.tests.AuthorizationAndProfileTests" name="testProf004" time="0.002"/>
  <testcase classname="com.smartfund.tests.AuthorizationAndProfileTests" name="testReg008" time="0.001"/>
  <testcase classname="com.smartfund.tests.AuthorizationAndProfileTests" name="testAuthz024" time="0.001"/>
  <testcase classname="com.smartfund.tests.AuthorizationAndProfileTests" name="testAuthz001" time="0.000"/>
  <testcase classname="com.smartfund.tests.AuthorizationAndProfileTests" name="testProf013" time="0.000"/>
  <testcase classname="com.smartfund.tests.AuthorizationAndProfileTests" name="testProf001" time="0.001"/>
  <testcase classname="com.smartfund.tests.AuthorizationAndProfileTests" name="testReg003" time="0.001"/>
  <testcase classname="com.smartfund.tests.AuthorizationAndProfileTests" name="testAuthz008" time="0.000"/>
  <testcase classname="com.smartfund.tests.AuthorizationAndProfileTests" name="testProf012" time="0.000"/>
  <testcase classname="com.smartfund.tests.AuthorizationAndProfileTests" name="testProf010" time="0.000"/>
  <testcase classname="com.smartfund.tests.AuthorizationAndProfileTests" name="testReg006" time="0.001"/>
  <testcase classname="com.smartfund.tests.AuthorizationAndProfileTests" name="testAuthz020" time="0.002"/>
  <testcase classname="com.smartfund.tests.AuthorizationAndProfileTests" name="testAuthz029" time="0.000"/>
  <testcase classname="com.smartfund.tests.AuthorizationAndProfileTests" name="testReg005" time="0.000"/>
  <testcase classname="com.smartfund.tests.AuthorizationAndProfileTests" name="testReg017" time="0.000"/>
  <testcase classname="com.smartfund.tests.AuthorizationAndProfileTests" name="testAuthz009" time="0.001"/>
  <testcase classname="com.smartfund.tests.AuthorizationAndProfileTests" name="testProf005" time="0.002"/>
  <testcase classname="com.smartfund.tests.AuthorizationAndProfileTests" name="testReg001" time="0.001"/>
  <testcase classname="com.smartfund.tests.AuthorizationAndProfileTests" name="testAuthz028" time="0.001"/>
  <testcase classname="com.smartfund.tests.AuthorizationAndProfileTests" name="testProf006" time="0.000"/>
  <testcase classname="com.smartfund.tests.AuthorizationAndProfileTests" name="testReg011" time="0.000"/>
  <testcase classname="com.smartfund.tests.AuthorizationAndProfileTests" name="testAuthz003" time="0.002"/>
  <testcase classname="com.smartfund.tests.AuthorizationAndProfileTests" name="testAuthz016" time="0.001"/>
  <testcase classname="com.smartfund.tests.AuthorizationAndProfileTests" name="testAuthz019" time="0.000"/>
  <testcase classname="com.smartfund.tests.AuthorizationAndProfileTests" name="testProf002" time="0.001"/>
  <testcase classname="com.smartfund.tests.AuthorizationAndProfileTests" name="testAuthz011" time="0.000"/>
  <testcase classname="com.smartfund.tests.AuthorizationAndProfileTests" name="testReg019" time="0.003"/>
  <testcase classname="com.smartfund.tests.AuthorizationAndProfileTests" name="testAuthz004" time="0.002"/>
  <testcase classname="com.smartfund.tests.AuthorizationAndProfileTests" name="testAuthz005" time="0.001"/>
  <testcase classname="com.smartfund.tests.AuthorizationAndProfileTests" name="testProf017" time="0.000"/>
</testsuite> <!-- com.smartfund.tests.AuthorizationAndProfileTests -->
