<?xml version="1.0" encoding="UTF-8"?>
<!-- Generated by org.testng.reporters.JUnitReportReporter -->
<testsuite hostname="Dhanushs-MacBook-Pro-2.local" failures="0" tests="40" name="com.smartfund.tests.AuthenticationTests" time="0.061" errors="0" timestamp="2026-08-06T11:50:02 IST" skipped="0">
  <testcase classname="com.smartfund.tests.AuthenticationTests" name="testEmptyEmail" time="0.001"/>
  <testcase classname="com.smartfund.tests.AuthenticationTests" name="testValidOtpAuthentication" time="0.000"/>
  <testcase classname="com.smartfund.tests.AuthenticationTests" name="testEmptyPassword" time="0.001"/>
  <testcase classname="com.smartfund.tests.AuthenticationTests" name="testSuccessfulLogout" time="0.005"/>
  <testcase classname="com.smartfund.tests.AuthenticationTests" name="testCaseInsensitiveEmail" time="0.001"/>
  <testcase classname="com.smartfund.tests.AuthenticationTests" name="testTwoFactorTrigger" time="0.002"/>
  <testcase classname="com.smartfund.tests.AuthenticationTests" name="testExpiredOtp" time="0.001"/>
  <testcase classname="com.smartfund.tests.AuthenticationTests" name="testPasswordMasking" time="0.002"/>
  <testcase classname="com.smartfund.tests.AuthenticationTests" name="testResendOtp" time="0.001"/>
  <testcase classname="com.smartfund.tests.AuthenticationTests" name="testChangePasswordCurrentPasswordReq" time="0.002"/>
  <testcase classname="com.smartfund.tests.AuthenticationTests" name="testAutoLogoutTokenExpiration" time="0.001"/>
  <testcase classname="com.smartfund.tests.AuthenticationTests" name="testResetWeakPassword" time="0.001"/>
  <testcase classname="com.smartfund.tests.AuthenticationTests" name="testJwtSignatureValidation" time="0.001"/>
  <testcase classname="com.smartfund.tests.AuthenticationTests" name="testPasswordResetLinkExpiry" time="0.001"/>
  <testcase classname="com.smartfund.tests.AuthenticationTests" name="testUnregisteredEmail" time="0.000"/>
  <testcase classname="com.smartfund.tests.AuthenticationTests" name="testPasswordToggle" time="0.000"/>
  <testcase classname="com.smartfund.tests.AuthenticationTests" name="testLoginScreenDarkMode" time="0.002"/>
  <testcase classname="com.smartfund.tests.AuthenticationTests" name="testLoginNetworkTimeout" time="0.000"/>
  <testcase classname="com.smartfund.tests.AuthenticationTests" name="testBiometricFallbackPin" time="0.003"/>
  <testcase classname="com.smartfund.tests.AuthenticationTests" name="testXssInEmail" time="0.002"/>
  <testcase classname="com.smartfund.tests.AuthenticationTests" name="testSslPinningFailure" time="0.001"/>
  <testcase classname="com.smartfund.tests.AuthenticationTests" name="testValidLogin" time="0.002"/>
  <testcase classname="com.smartfund.tests.AuthenticationTests" name="testInvalidPassword" time="0.001"/>
  <testcase classname="com.smartfund.tests.AuthenticationTests" name="testAccountLockout" time="0.005"/>
  <testcase classname="com.smartfund.tests.AuthenticationTests" name="testForgotPasswordTrigger" time="0.000"/>
  <testcase classname="com.smartfund.tests.AuthenticationTests" name="testSqlInjectionInEmail" time="0.000"/>
  <testcase classname="com.smartfund.tests.AuthenticationTests" name="testLoginButtonProcessingState" time="0.002"/>
  <testcase classname="com.smartfund.tests.AuthenticationTests" name="testChangePasswordPreventReuse" time="0.001"/>
  <testcase classname="com.smartfund.tests.AuthenticationTests" name="testReAuthenticationAfterExpiry" time="0.000"/>
  <testcase classname="com.smartfund.tests.AuthenticationTests" name="testOAuthCodeExchange" time="0.001"/>
  <testcase classname="com.smartfund.tests.AuthenticationTests" name="testConcurrentDeviceLogin" time="0.000"/>
  <testcase classname="com.smartfund.tests.AuthenticationTests" name="testResetPasswordLink" time="0.002"/>
  <testcase classname="com.smartfund.tests.AuthenticationTests" name="testSessionPersistence" time="0.001"/>
  <testcase classname="com.smartfund.tests.AuthenticationTests" name="testBiometricFingerprint" time="0.000"/>
  <testcase classname="com.smartfund.tests.AuthenticationTests" name="testBiometricFaceUnlock" time="0.002"/>
  <testcase classname="com.smartfund.tests.AuthenticationTests" name="testTrimWhitespaceEmail" time="0.003"/>
  <testcase classname="com.smartfund.tests.AuthenticationTests" name="testLoginScreenAccessibilityLabels" time="0.001"/>
  <testcase classname="com.smartfund.tests.AuthenticationTests" name="testGoogleLogin" time="0.001"/>
  <testcase classname="com.smartfund.tests.AuthenticationTests" name="testAppleLogin" time="0.011"/>
  <testcase classname="com.smartfund.tests.AuthenticationTests" name="testRememberMe" time="0.000"/>
</testsuite> <!-- com.smartfund.tests.AuthenticationTests -->
