<?xml version="1.0" encoding="UTF-8"?>
<!-- Generated by org.testng.reporters.JUnitReportReporter -->
<testsuite hostname="Dhanushs-MacBook-Pro-2.local" failures="0" tests="19" name="com.smartfund.tests.NavigationAndDashboardTests" time="0.023" errors="0" timestamp="2026-08-06T11:50:02 IST" skipped="0">
  <testcase classname="com.smartfund.tests.NavigationAndDashboardTests" name="testNav002" time="0.001"/>
  <testcase classname="com.smartfund.tests.NavigationAndDashboardTests" name="testNav007" time="0.002"/>
  <testcase classname="com.smartfund.tests.NavigationAndDashboardTests" name="testNav001" time="0.001"/>
  <testcase classname="com.smartfund.tests.NavigationAndDashboardTests" name="testNav009" time="0.001"/>
  <testcase classname="com.smartfund.tests.NavigationAndDashboardTests" name="testDash001" time="0.000"/>
  <testcase classname="com.smartfund.tests.NavigationAndDashboardTests" name="testNav003" time="0.002"/>
  <testcase classname="com.smartfund.tests.NavigationAndDashboardTests" name="testDash002" time="0.002"/>
  <testcase classname="com.smartfund.tests.NavigationAndDashboardTests" name="testNav010" time="0.001"/>
  <testcase classname="com.smartfund.tests.NavigationAndDashboardTests" name="testNav004" time="0.000"/>
  <testcase classname="com.smartfund.tests.NavigationAndDashboardTests" name="testNav006" time="0.001"/>
  <testcase classname="com.smartfund.tests.NavigationAndDashboardTests" name="testNav008" time="0.001"/>
  <testcase classname="com.smartfund.tests.NavigationAndDashboardTests" name="testDash005" time="0.001"/>
  <testcase classname="com.smartfund.tests.NavigationAndDashboardTests" name="testCrudFull" time="0.003"/>
  <testcase classname="com.smartfund.tests.NavigationAndDashboardTests" name="testFormsFull" time="0.001"/>
  <testcase classname="com.smartfund.tests.NavigationAndDashboardTests" name="testNavRest" time="0.001"/>
  <testcase classname="com.smartfund.tests.NavigationAndDashboardTests" name="testNav005" time="0.001"/>
  <testcase classname="com.smartfund.tests.NavigationAndDashboardTests" name="testDash004" time="0.001"/>
  <testcase classname="com.smartfund.tests.NavigationAndDashboardTests" name="testDash003" time="0.002"/>
  <testcase classname="com.smartfund.tests.NavigationAndDashboardTests" name="testDashRest" time="0.001"/>
</testsuite> <!-- com.smartfund.tests.NavigationAndDashboardTests -->
