<?xml version="1.0" encoding="UTF-8"?>
<!-- Generated by org.testng.reporters.JUnitReportReporter -->
<testsuite hostname="Dhanushs-MacBook-Pro-2.local" failures="0" tests="12" name="com.smartfund.tests.SearchFilterValidationTests" time="0.016" errors="0" timestamp="2026-08-06T11:50:02 IST" skipped="0">
  <testcase classname="com.smartfund.tests.SearchFilterValidationTests" name="testInputValidationSuite" time="0.001"/>
  <testcase classname="com.smartfund.tests.SearchFilterValidationTests" name="testNotificationsSuite" time="0.002"/>
  <testcase classname="com.smartfund.tests.SearchFilterValidationTests" name="testAccessibilitySuite" time="0.001"/>
  <testcase classname="com.smartfund.tests.SearchFilterValidationTests" name="testPerformanceSmokeSuite" time="0.000"/>
  <testcase classname="com.smartfund.tests.SearchFilterValidationTests" name="testSearchSuite" time="0.002"/>
  <testcase classname="com.smartfund.tests.SearchFilterValidationTests" name="testResponsiveUiSuite" time="0.001"/>
  <testcase classname="com.smartfund.tests.SearchFilterValidationTests" name="testSessionManagementSuite" time="0.002"/>
  <testcase classname="com.smartfund.tests.SearchFilterValidationTests" name="testOfflineHandlingSuite" time="0.001"/>
  <testcase classname="com.smartfund.tests.SearchFilterValidationTests" name="testFileUploadSuite" time="0.000"/>
  <testcase classname="com.smartfund.tests.SearchFilterValidationTests" name="testErrorHandlingSuite" time="0.002"/>
  <testcase classname="com.smartfund.tests.SearchFilterValidationTests" name="testFullRegressionSuite" time="0.002"/>
  <testcase classname="com.smartfund.tests.SearchFilterValidationTests" name="testFiltersSuite" time="0.002"/>
</testsuite> <!-- com.smartfund.tests.SearchFilterValidationTests -->
