<?xml version="1.0" encoding="UTF-8"?>
<testng-results ignored="0" total="141" passed="141" failed="0" skipped="0">
  <reporter-output>
  </reporter-output>
  <suite started-at="2026-08-06T11:49:59 IST" name="SmartFund Management Enterprise E2E Test Suite" finished-at="2026-08-06T11:50:00 IST" duration-ms="399">
    <groups>
    </groups>
    <test started-at="2026-08-06T11:49:59 IST" name="Appium &amp; Selenium E2E Automation Tests" finished-at="2026-08-06T11:50:00 IST" duration-ms="399">
      <class name="com.smartfund.tests.AuthenticationTests">
        <test-method is-config="true" signature="beforeSuite()[pri:0, instance:com.smartfund.tests.AuthenticationTests@e056f20]" started-at="2026-08-06T11:49:59 IST" name="beforeSuite" finished-at="2026-08-06T11:49:59 IST" duration-ms="10" status="PASS">
          <reporter-output>
          </reporter-output>
        </test-method> <!-- beforeSuite -->
        <test-method is-config="true" signature="setUp(org.testng.ITestContext)[pri:0, instance:com.smartfund.tests.AuthenticationTests@e056f20]" started-at="2026-08-06T11:49:59 IST" name="setUp" finished-at="2026-08-06T11:49:59 IST" duration-ms="5" status="PASS">
          <params>
            <param index="0">
              <value>
                <![CDATA[org.testng.TestRunner@1d0a3d74]]>
              </value>
            </param>
          </params>
          <reporter-output>
          </reporter-output>
        </test-method> <!-- setUp -->
        <test-method is-config="true" signature="setUp(org.testng.ITestContext)[pri:0, instance:com.smartfund.tests.AuthenticationTests@e056f20]" started-at="2026-08-06T11:49:59 IST" name="setUp" finished-at="2026-08-06T11:49:59 IST" duration-ms="5" status="PASS">
          <params>
            <param index="0">
              <value>
                <![CDATA[org.testng.TestRunner@1d0a3d74]]>
              </value>
            </param>
          </params>
          <reporter-output>
          </reporter-output>
        </test-method> <!-- setUp -->
        <test-method signature="testAccountLockout(org.testng.ITestContext)[pri:0, instance:com.smartfund.tests.AuthenticationTests@e056f20]" started-at="2026-08-06T11:49:59 IST" name="testAccountLockout" description="TC_AUTH_014: Verify account lockout after 5 failed attempts" finished-at="2026-08-06T11:49:59 IST" duration-ms="5" status="PASS">
          <params>
            <param index="0">
              <value>
                <![CDATA[org.testng.TestRunner@1d0a3d74]]>
              </value>
            </param>
          </params>
          <reporter-output>
          </reporter-output>
        </test-method> <!-- testAccountLockout -->
        <test-method signature="testAppleLogin(org.testng.ITestContext)[pri:0, instance:com.smartfund.tests.AuthenticationTests@e056f20]" started-at="2026-08-06T11:49:59 IST" name="testAppleLogin" description="TC_AUTH_019: Verify login with Apple ID" finished-at="2026-08-06T11:49:59 IST" duration-ms="5" status="PASS">
          <params>
            <param index="0">
              <value>
                <![CDATA[org.testng.TestRunner@1d0a3d74]]>
              </value>
            </param>
          </params>
          <reporter-output>
          </reporter-output>
        </test-method> <!-- testAppleLogin -->
        <test-method is-config="true" signature="tearDown()[pri:0, instance:com.smartfund.tests.AuthenticationTests@e056f20]" started-at="2026-08-06T11:49:59 IST" name="tearDown" finished-at="2026-08-06T11:49:59 IST" duration-ms="1" status="PASS">
          <reporter-output>
          </reporter-output>
        </test-method> <!-- tearDown -->
        <test-method is-config="true" signature="tearDown()[pri:0, instance:com.smartfund.tests.AuthenticationTests@e056f20]" started-at="2026-08-06T11:49:59 IST" name="tearDown" finished-at="2026-08-06T11:49:59 IST" duration-ms="1" status="PASS">
          <reporter-output>
          </reporter-output>
        </test-method> <!-- tearDown -->
        <test-method signature="testBiometricFaceUnlock(org.testng.ITestContext)[pri:0, instance:com.smartfund.tests.AuthenticationTests@e056f20]" started-at="2026-08-06T11:49:59 IST" name="testBiometricFaceUnlock" description="TC_AUTH_021: Verify biometric face unlock login" finished-at="2026-08-06T11:49:59 IST" duration-ms="1" status="PASS">
          <params>
            <param index="0">
              <value>
                <![CDATA[org.testng.TestRunner@1d0a3d74]]>
              </value>
            </param>
          </params>
          <reporter-output>
          </reporter-output>
        </test-method> <!-- testBiometricFaceUnlock -->
        <test-method is-config="true" signature="setUp(org.testng.ITestContext)[pri:0, instance:com.smartfund.tests.AuthenticationTests@e056f20]" started-at="2026-08-06T11:49:59 IST" name="setUp" finished-at="2026-08-06T11:49:59 IST" duration-ms="0" status="PASS">
          <params>
            <param index="0">
              <value>
                <![CDATA[org.testng.TestRunner@1d0a3d74]]>
              </value>
            </param>
          </params>
          <reporter-output>
          </reporter-output>
        </test-method> <!-- setUp -->
        <test-method is-config="true" signature="setUp(org.testng.ITestContext)[pri:0, instance:com.smartfund.tests.AuthenticationTests@e056f20]" started-at="2026-08-06T11:49:59 IST" name="setUp" finished-at="2026-08-06T11:49:59 IST" duration-ms="0" status="PASS">
          <params>
            <param index="0">
              <value>
                <![CDATA[org.testng.TestRunner@1d0a3d74]]>
              </value>
            </param>
          </params>
          <reporter-output>
          </reporter-output>
        </test-method> <!-- setUp -->
        <test-method signature="testAutoLogoutTokenExpiration(org.testng.ITestContext)[pri:0, instance:com.smartfund.tests.AuthenticationTests@e056f20]" started-at="2026-08-06T11:49:59 IST" name="testAutoLogoutTokenExpiration" description="TC_AUTH_024: Verify auto-logout on token expiration" finished-at="2026-08-06T11:49:59 IST" duration-ms="0" status="PASS">
          <params>
            <param index="0">
              <value>
                <![CDATA[org.testng.TestRunner@1d0a3d74]]>
              </value>
            </param>
          </params>
          <reporter-output>
          </reporter-output>
        </test-method> <!-- testAutoLogoutTokenExpiration -->
        <test-method is-config="true" signature="tearDown()[pri:0, instance:com.smartfund.tests.AuthenticationTests@e056f20]" started-at="2026-08-06T11:49:59 IST" name="tearDown" finished-at="2026-08-06T11:49:59 IST" duration-ms="1" status="PASS">
          <reporter-output>
          </reporter-output>
        </test-method> <!-- tearDown -->
        <test-method is-config="true" signature="tearDown()[pri:0, instance:com.smartfund.tests.AuthenticationTests@e056f20]" started-at="2026-08-06T11:49:59 IST" name="tearDown" finished-at="2026-08-06T11:49:59 IST" duration-ms="0" status="PASS">
          <reporter-output>
          </reporter-output>
        </test-method> <!-- tearDown -->
        <test-method signature="testBiometricFallbackPin(org.testng.ITestContext)[pri:0, instance:com.smartfund.tests.AuthenticationTests@e056f20]" started-at="2026-08-06T11:49:59 IST" name="testBiometricFallbackPin" description="TC_AUTH_022: Verify biometric fallback to PIN" finished-at="2026-08-06T11:49:59 IST" duration-ms="1" status="PASS">
          <params>
            <param index="0">
              <value>
                <![CDATA[org.testng.TestRunner@1d0a3d74]]>
              </value>
            </param>
          </params>
          <reporter-output>
          </reporter-output>
        </test-method> <!-- testBiometricFallbackPin -->
        <test-method is-config="true" signature="setUp(org.testng.ITestContext)[pri:0, instance:com.smartfund.tests.AuthenticationTests@e056f20]" started-at="2026-08-06T11:49:59 IST" name="setUp" finished-at="2026-08-06T11:49:59 IST" duration-ms="0" status="PASS">
          <params>
            <param index="0">
              <value>
                <![CDATA[org.testng.TestRunner@1d0a3d74]]>
              </value>
            </param>
          </params>
          <reporter-output>
          </reporter-output>
        </test-method> <!-- setUp -->
        <test-method is-config="true" signature="setUp(org.testng.ITestContext)[pri:0, instance:com.smartfund.tests.AuthenticationTests@e056f20]" started-at="2026-08-06T11:49:59 IST" name="setUp" finished-at="2026-08-06T11:49:59 IST" duration-ms="0" status="PASS">
          <params>
            <param index="0">
              <value>
                <![CDATA[org.testng.TestRunner@1d0a3d74]]>
              </value>
            </param>
          </params>
          <reporter-output>
          </reporter-output>
        </test-method> <!-- setUp -->
        <test-method signature="testBiometricFingerprint(org.testng.ITestContext)[pri:0, instance:com.smartfund.tests.AuthenticationTests@e056f20]" started-at="2026-08-06T11:49:59 IST" name="testBiometricFingerprint" description="TC_AUTH_020: Verify biometric fingerprint login" finished-at="2026-08-06T11:49:59 IST" duration-ms="0" status="PASS">
          <params>
            <param index="0">
              <value>
                <![CDATA[org.testng.TestRunner@1d0a3d74]]>
              </value>
            </param>
          </params>
          <reporter-output>
          </reporter-output>
        </test-method> <!-- testBiometricFingerprint -->
        <test-method is-config="true" signature="tearDown()[pri:0, instance:com.smartfund.tests.AuthenticationTests@e056f20]" started-at="2026-08-06T11:49:59 IST" name="tearDown" finished-at="2026-08-06T11:49:59 IST" duration-ms="0" status="PASS">
          <reporter-output>
          </reporter-output>
        </test-method> <!-- tearDown -->
        <test-method is-config="true" signature="tearDown()[pri:0, instance:com.smartfund.tests.AuthenticationTests@e056f20]" started-at="2026-08-06T11:49:59 IST" name="tearDown" finished-at="2026-08-06T11:49:59 IST" duration-ms="0" status="PASS">
          <reporter-output>
          </reporter-output>
        </test-method> <!-- tearDown -->
        <test-method signature="testCaseInsensitiveEmail(org.testng.ITestContext)[pri:0, instance:com.smartfund.tests.AuthenticationTests@e056f20]" started-at="2026-08-06T11:49:59 IST" name="testCaseInsensitiveEmail" description="TC_AUTH_028: Verify case insensitivity in email input" finished-at="2026-08-06T11:49:59 IST" duration-ms="1" status="PASS">
          <params>
            <param index="0">
              <value>
                <![CDATA[org.testng.TestRunner@1d0a3d74]]>
              </value>
            </param>
          </params>
          <reporter-output>
          </reporter-output>
        </test-method> <!-- testCaseInsensitiveEmail -->
        <test-method signature="testChangePasswordCurrentPasswordReq(org.testng.ITestContext)[pri:0, instance:com.smartfund.tests.AuthenticationTests@e056f20]" started-at="2026-08-06T11:49:59 IST" name="testChangePasswordCurrentPasswordReq" description="TC_AUTH_032: Verify change password requires current password" finished-at="2026-08-06T11:49:59 IST" duration-ms="1" status="PASS">
          <params>
            <param index="0">
              <value>
                <![CDATA[org.testng.TestRunner@1d0a3d74]]>
              </value>
            </param>
          </params>
          <reporter-output>
          </reporter-output>
        </test-method> <!-- testChangePasswordCurrentPasswordReq -->
        <test-method is-config="true" signature="setUp(org.testng.ITestContext)[pri:0, instance:com.smartfund.tests.AuthenticationTests@e056f20]" started-at="2026-08-06T11:49:59 IST" name="setUp" finished-at="2026-08-06T11:49:59 IST" duration-ms="0" status="PASS">
          <params>
            <param index="0">
              <value>
                <![CDATA[org.testng.TestRunner@1d0a3d74]]>
              </value>
            </param>
          </params>
          <reporter-output>
          </reporter-output>
        </test-method> <!-- setUp -->
        <test-method is-config="true" signature="setUp(org.testng.ITestContext)[pri:0, instance:com.smartfund.tests.AuthenticationTests@e056f20]" started-at="2026-08-06T11:49:59 IST" name="setUp" finished-at="2026-08-06T11:49:59 IST" duration-ms="0" status="PASS">
          <params>
            <param index="0">
              <value>
                <![CDATA[org.testng.TestRunner@1d0a3d74]]>
              </value>
            </param>
          </params>
          <reporter-output>
          </reporter-output>
        </test-method> <!-- setUp -->
        <test-method is-config="true" signature="tearDown()[pri:0, instance:com.smartfund.tests.AuthenticationTests@e056f20]" started-at="2026-08-06T11:49:59 IST" name="tearDown" finished-at="2026-08-06T11:49:59 IST" duration-ms="0" status="PASS">
          <reporter-output>
          </reporter-output>
        </test-method> <!-- tearDown -->
        <test-method is-config="true" signature="tearDown()[pri:0, instance:com.smartfund.tests.AuthenticationTests@e056f20]" started-at="2026-08-06T11:49:59 IST" name="tearDown" finished-at="2026-08-06T11:49:59 IST" duration-ms="0" status="PASS">
          <reporter-output>
          </reporter-output>
        </test-method> <!-- tearDown -->
        <test-method signature="testChangePasswordPreventReuse(org.testng.ITestContext)[pri:0, instance:com.smartfund.tests.AuthenticationTests@e056f20]" started-at="2026-08-06T11:49:59 IST" name="testChangePasswordPreventReuse" description="TC_AUTH_033: Verify change password prevents reusing last password" finished-at="2026-08-06T11:49:59 IST" duration-ms="1" status="PASS">
          <params>
            <param index="0">
              <value>
                <![CDATA[org.testng.TestRunner@1d0a3d74]]>
              </value>
            </param>
          </params>
          <reporter-output>
          </reporter-output>
        </test-method> <!-- testChangePasswordPreventReuse -->
        <test-method is-config="true" signature="setUp(org.testng.ITestContext)[pri:0, instance:com.smartfund.tests.AuthenticationTests@e056f20]" started-at="2026-08-06T11:49:59 IST" name="setUp" finished-at="2026-08-06T11:49:59 IST" duration-ms="1" status="PASS">
          <params>
            <param index="0">
              <value>
                <![CDATA[org.testng.TestRunner@1d0a3d74]]>
              </value>
            </param>
          </params>
          <reporter-output>
          </reporter-output>
        </test-method> <!-- setUp -->
        <test-method is-config="true" signature="setUp(org.testng.ITestContext)[pri:0, instance:com.smartfund.tests.AuthenticationTests@e056f20]" started-at="2026-08-06T11:49:59 IST" name="setUp" finished-at="2026-08-06T11:49:59 IST" duration-ms="0" status="PASS">
          <params>
            <param index="0">
              <value>
                <![CDATA[org.testng.TestRunner@1d0a3d74]]>
              </value>
            </param>
          </params>
          <reporter-output>
          </reporter-output>
        </test-method> <!-- setUp -->
        <test-method signature="testConcurrentDeviceLogin(org.testng.ITestContext)[pri:0, instance:com.smartfund.tests.AuthenticationTests@e056f20]" started-at="2026-08-06T11:49:59 IST" name="testConcurrentDeviceLogin" description="TC_AUTH_030: Verify concurrent login from multiple devices behavior" finished-at="2026-08-06T11:49:59 IST" duration-ms="0" status="PASS">
          <params>
            <param index="0">
              <value>
                <![CDATA[org.testng.TestRunner@1d0a3d74]]>
              </value>
            </param>
          </params>
          <reporter-output>
          </reporter-output>
        </test-method> <!-- testConcurrentDeviceLogin -->
        <test-method is-config="true" signature="tearDown()[pri:0, instance:com.smartfund.tests.AuthenticationTests@e056f20]" started-at="2026-08-06T11:49:59 IST" name="tearDown" finished-at="2026-08-06T11:49:59 IST" duration-ms="0" status="PASS">
          <reporter-output>
          </reporter-output>
        </test-method> <!-- tearDown -->
        <test-method is-config="true" signature="tearDown()[pri:0, instance:com.smartfund.tests.AuthenticationTests@e056f20]" started-at="2026-08-06T11:49:59 IST" name="tearDown" finished-at="2026-08-06T11:49:59 IST" duration-ms="0" status="PASS">
          <reporter-output>
          </reporter-output>
        </test-method> <!-- tearDown -->
        <test-method signature="testEmptyPassword(org.testng.ITestContext)[pri:0, instance:com.smartfund.tests.AuthenticationTests@e056f20]" started-at="2026-08-06T11:49:59 IST" name="testEmptyPassword" description="TC_AUTH_005: Verify login with empty password field" finished-at="2026-08-06T11:49:59 IST" duration-ms="1" status="PASS">
          <params>
            <param index="0">
              <value>
                <![CDATA[org.testng.TestRunner@1d0a3d74]]>
              </value>
            </param>
          </params>
          <reporter-output>
          </reporter-output>
        </test-method> <!-- testEmptyPassword -->
        <test-method signature="testEmptyEmail(org.testng.ITestContext)[pri:0, instance:com.smartfund.tests.AuthenticationTests@e056f20]" started-at="2026-08-06T11:49:59 IST" name="testEmptyEmail" description="TC_AUTH_004: Verify login with empty email field" finished-at="2026-08-06T11:49:59 IST" duration-ms="1" status="PASS">
          <params>
            <param index="0">
              <value>
                <![CDATA[org.testng.TestRunner@1d0a3d74]]>
              </value>
            </param>
          </params>
          <reporter-output>
          </reporter-output>
        </test-method> <!-- testEmptyEmail -->
        <test-method is-config="true" signature="setUp(org.testng.ITestContext)[pri:0, instance:com.smartfund.tests.AuthenticationTests@e056f20]" started-at="2026-08-06T11:49:59 IST" name="setUp" finished-at="2026-08-06T11:49:59 IST" duration-ms="0" status="PASS">
          <params>
            <param index="0">
              <value>
                <![CDATA[org.testng.TestRunner@1d0a3d74]]>
              </value>
            </param>
          </params>
          <reporter-output>
          </reporter-output>
        </test-method> <!-- setUp -->
        <test-method is-config="true" signature="setUp(org.testng.ITestContext)[pri:0, instance:com.smartfund.tests.AuthenticationTests@e056f20]" started-at="2026-08-06T11:49:59 IST" name="setUp" finished-at="2026-08-06T11:49:59 IST" duration-ms="0" status="PASS">
          <params>
            <param index="0">
              <value>
                <![CDATA[org.testng.TestRunner@1d0a3d74]]>
              </value>
            </param>
          </params>
          <reporter-output>
          </reporter-output>
        </test-method> <!-- setUp -->
        <test-method is-config="true" signature="tearDown()[pri:0, instance:com.smartfund.tests.AuthenticationTests@e056f20]" started-at="2026-08-06T11:49:59 IST" name="tearDown" finished-at="2026-08-06T11:49:59 IST" duration-ms="0" status="PASS">
          <reporter-output>
          </reporter-output>
        </test-method> <!-- tearDown -->
        <test-method is-config="true" signature="tearDown()[pri:0, instance:com.smartfund.tests.AuthenticationTests@e056f20]" started-at="2026-08-06T11:49:59 IST" name="tearDown" finished-at="2026-08-06T11:49:59 IST" duration-ms="0" status="PASS">
          <reporter-output>
          </reporter-output>
        </test-method> <!-- tearDown -->
        <test-method signature="testExpiredOtp(org.testng.ITestContext)[pri:0, instance:com.smartfund.tests.AuthenticationTests@e056f20]" started-at="2026-08-06T11:49:59 IST" name="testExpiredOtp" description="TC_AUTH_013: Verify expired OTP error handling" finished-at="2026-08-06T11:49:59 IST" duration-ms="1" status="PASS">
          <params>
            <param index="0">
              <value>
                <![CDATA[org.testng.TestRunner@1d0a3d74]]>
              </value>
            </param>
          </params>
          <reporter-output>
          </reporter-output>
        </test-method> <!-- testExpiredOtp -->
        <test-method is-config="true" signature="setUp(org.testng.ITestContext)[pri:0, instance:com.smartfund.tests.AuthenticationTests@e056f20]" started-at="2026-08-06T11:49:59 IST" name="setUp" finished-at="2026-08-06T11:49:59 IST" duration-ms="1" status="PASS">
          <params>
            <param index="0">
              <value>
                <![CDATA[org.testng.TestRunner@1d0a3d74]]>
              </value>
            </param>
          </params>
          <reporter-output>
          </reporter-output>
        </test-method> <!-- setUp -->
        <test-method is-config="true" signature="setUp(org.testng.ITestContext)[pri:0, instance:com.smartfund.tests.AuthenticationTests@e056f20]" started-at="2026-08-06T11:49:59 IST" name="setUp" finished-at="2026-08-06T11:49:59 IST" duration-ms="0" status="PASS">
          <params>
            <param index="0">
              <value>
                <![CDATA[org.testng.TestRunner@1d0a3d74]]>
              </value>
            </param>
          </params>
          <reporter-output>
          </reporter-output>
        </test-method> <!-- setUp -->
        <test-method signature="testForgotPasswordTrigger(org.testng.ITestContext)[pri:0, instance:com.smartfund.tests.AuthenticationTests@e056f20]" started-at="2026-08-06T11:49:59 IST" name="testForgotPasswordTrigger" description="TC_AUTH_015: Verify forgot password email trigger" finished-at="2026-08-06T11:49:59 IST" duration-ms="0" status="PASS">
          <params>
            <param index="0">
              <value>
                <![CDATA[org.testng.TestRunner@1d0a3d74]]>
              </value>
            </param>
          </params>
          <reporter-output>
          </reporter-output>
        </test-method> <!-- testForgotPasswordTrigger -->
        <test-method is-config="true" signature="tearDown()[pri:0, instance:com.smartfund.tests.AuthenticationTests@e056f20]" started-at="2026-08-06T11:49:59 IST" name="tearDown" finished-at="2026-08-06T11:49:59 IST" duration-ms="0" status="PASS">
          <reporter-output>
          </reporter-output>
        </test-method> <!-- tearDown -->
        <test-method is-config="true" signature="tearDown()[pri:0, instance:com.smartfund.tests.AuthenticationTests@e056f20]" started-at="2026-08-06T11:49:59 IST" name="tearDown" finished-at="2026-08-06T11:49:59 IST" duration-ms="0" status="PASS">
          <reporter-output>
          </reporter-output>
        </test-method> <!-- tearDown -->
        <test-method signature="testGoogleLogin(org.testng.ITestContext)[pri:0, instance:com.smartfund.tests.AuthenticationTests@e056f20]" started-at="2026-08-06T11:49:59 IST" name="testGoogleLogin" description="TC_AUTH_018: Verify login with Google OAuth2" finished-at="2026-08-06T11:49:59 IST" duration-ms="1" status="PASS">
          <params>
            <param index="0">
              <value>
                <![CDATA[org.testng.TestRunner@1d0a3d74]]>
              </value>
            </param>
          </params>
          <reporter-output>
          </reporter-output>
        </test-method> <!-- testGoogleLogin -->
        <test-method is-config="true" signature="setUp(org.testng.ITestContext)[pri:0, instance:com.smartfund.tests.AuthenticationTests@e056f20]" started-at="2026-08-06T11:49:59 IST" name="setUp" finished-at="2026-08-06T11:49:59 IST" duration-ms="0" status="PASS">
          <params>
            <param index="0">
              <value>
                <![CDATA[org.testng.TestRunner@1d0a3d74]]>
              </value>
            </param>
          </params>
          <reporter-output>
          </reporter-output>
        </test-method> <!-- setUp -->
        <test-method is-config="true" signature="setUp(org.testng.ITestContext)[pri:0, instance:com.smartfund.tests.AuthenticationTests@e056f20]" started-at="2026-08-06T11:49:59 IST" name="setUp" finished-at="2026-08-06T11:49:59 IST" duration-ms="1" status="PASS">
          <params>
            <param index="0">
              <value>
                <![CDATA[org.testng.TestRunner@1d0a3d74]]>
              </value>
            </param>
          </params>
          <reporter-output>
          </reporter-output>
        </test-method> <!-- setUp -->
        <test-method signature="testInvalidPassword(org.testng.ITestContext)[pri:0, instance:com.smartfund.tests.AuthenticationTests@e056f20]" started-at="2026-08-06T11:49:59 IST" name="testInvalidPassword" description="TC_AUTH_002: Verify error message for invalid password" finished-at="2026-08-06T11:49:59 IST" duration-ms="0" status="PASS">
          <params>
            <param index="0">
              <value>
                <![CDATA[org.testng.TestRunner@1d0a3d74]]>
              </value>
            </param>
          </params>
          <reporter-output>
          </reporter-output>
        </test-method> <!-- testInvalidPassword -->
        <test-method is-config="true" signature="tearDown()[pri:0, instance:com.smartfund.tests.AuthenticationTests@e056f20]" started-at="2026-08-06T11:49:59 IST" name="tearDown" finished-at="2026-08-06T11:49:59 IST" duration-ms="1" status="PASS">
          <reporter-output>
          </reporter-output>
        </test-method> <!-- tearDown -->
        <test-method is-config="true" signature="tearDown()[pri:0, instance:com.smartfund.tests.AuthenticationTests@e056f20]" started-at="2026-08-06T11:49:59 IST" name="tearDown" finished-at="2026-08-06T11:49:59 IST" duration-ms="0" status="PASS">
          <reporter-output>
          </reporter-output>
        </test-method> <!-- tearDown -->
        <test-method signature="testJwtSignatureValidation(org.testng.ITestContext)[pri:0, instance:com.smartfund.tests.AuthenticationTests@e056f20]" started-at="2026-08-06T11:49:59 IST" name="testJwtSignatureValidation" description="TC_AUTH_034: Verify JWT token signature validation on login" finished-at="2026-08-06T11:49:59 IST" duration-ms="0" status="PASS">
          <params>
            <param index="0">
              <value>
                <![CDATA[org.testng.TestRunner@1d0a3d74]]>
              </value>
            </param>
          </params>
          <reporter-output>
          </reporter-output>
        </test-method> <!-- testJwtSignatureValidation -->
        <test-method signature="testLoginButtonProcessingState(org.testng.ITestContext)[pri:0, instance:com.smartfund.tests.AuthenticationTests@e056f20]" started-at="2026-08-06T11:49:59 IST" name="testLoginButtonProcessingState" description="TC_AUTH_029: Verify login button state while processing API request" finished-at="2026-08-06T11:49:59 IST" duration-ms="1" status="PASS">
          <params>
            <param index="0">
              <value>
                <![CDATA[org.testng.TestRunner@1d0a3d74]]>
              </value>
            </param>
          </params>
          <reporter-output>
          </reporter-output>
        </test-method> <!-- testLoginButtonProcessingState -->
        <test-method is-config="true" signature="setUp(org.testng.ITestContext)[pri:0, instance:com.smartfund.tests.AuthenticationTests@e056f20]" started-at="2026-08-06T11:49:59 IST" name="setUp" finished-at="2026-08-06T11:49:59 IST" duration-ms="0" status="PASS">
          <params>
            <param index="0">
              <value>
                <![CDATA[org.testng.TestRunner@1d0a3d74]]>
              </value>
            </param>
          </params>
          <reporter-output>
          </reporter-output>
        </test-method> <!-- setUp -->
        <test-method is-config="true" signature="setUp(org.testng.ITestContext)[pri:0, instance:com.smartfund.tests.AuthenticationTests@e056f20]" started-at="2026-08-06T11:49:59 IST" name="setUp" finished-at="2026-08-06T11:49:59 IST" duration-ms="0" status="PASS">
          <params>
            <param index="0">
              <value>
                <![CDATA[org.testng.TestRunner@1d0a3d74]]>
              </value>
            </param>
          </params>
          <reporter-output>
          </reporter-output>
        </test-method> <!-- setUp -->
        <test-method is-config="true" signature="tearDown()[pri:0, instance:com.smartfund.tests.AuthenticationTests@e056f20]" started-at="2026-08-06T11:49:59 IST" name="tearDown" finished-at="2026-08-06T11:49:59 IST" duration-ms="0" status="PASS">
          <reporter-output>
          </reporter-output>
        </test-method> <!-- tearDown -->
        <test-method is-config="true" signature="tearDown()[pri:0, instance:com.smartfund.tests.AuthenticationTests@e056f20]" started-at="2026-08-06T11:49:59 IST" name="tearDown" finished-at="2026-08-06T11:49:59 IST" duration-ms="0" status="PASS">
          <reporter-output>
          </reporter-output>
        </test-method> <!-- tearDown -->
        <test-method signature="testLoginNetworkTimeout(org.testng.ITestContext)[pri:0, instance:com.smartfund.tests.AuthenticationTests@e056f20]" started-at="2026-08-06T11:49:59 IST" name="testLoginNetworkTimeout" description="TC_AUTH_038: Verify network timeout during login request" finished-at="2026-08-06T11:49:59 IST" duration-ms="0" status="PASS">
          <params>
            <param index="0">
              <value>
                <![CDATA[org.testng.TestRunner@1d0a3d74]]>
              </value>
            </param>
          </params>
          <reporter-output>
          </reporter-output>
        </test-method> <!-- testLoginNetworkTimeout -->
        <test-method signature="testLoginScreenAccessibilityLabels(org.testng.ITestContext)[pri:0, instance:com.smartfund.tests.AuthenticationTests@e056f20]" started-at="2026-08-06T11:49:59 IST" name="testLoginScreenAccessibilityLabels" description="TC_AUTH_037: Verify login screen accessibility label reader" finished-at="2026-08-06T11:49:59 IST" duration-ms="1" status="PASS">
          <params>
            <param index="0">
              <value>
                <![CDATA[org.testng.TestRunner@1d0a3d74]]>
              </value>
            </param>
          </params>
          <reporter-output>
          </reporter-output>
        </test-method> <!-- testLoginScreenAccessibilityLabels -->
        <test-method is-config="true" signature="setUp(org.testng.ITestContext)[pri:0, instance:com.smartfund.tests.AuthenticationTests@e056f20]" started-at="2026-08-06T11:49:59 IST" name="setUp" finished-at="2026-08-06T11:49:59 IST" duration-ms="0" status="PASS">
          <params>
            <param index="0">
              <value>
                <![CDATA[org.testng.TestRunner@1d0a3d74]]>
              </value>
            </param>
          </params>
          <reporter-output>
          </reporter-output>
        </test-method> <!-- setUp -->
        <test-method is-config="true" signature="setUp(org.testng.ITestContext)[pri:0, instance:com.smartfund.tests.AuthenticationTests@e056f20]" started-at="2026-08-06T11:49:59 IST" name="setUp" finished-at="2026-08-06T11:49:59 IST" duration-ms="0" status="PASS">
          <params>
            <param index="0">
              <value>
                <![CDATA[org.testng.TestRunner@1d0a3d74]]>
              </value>
            </param>
          </params>
          <reporter-output>
          </reporter-output>
        </test-method> <!-- setUp -->
        <test-method is-config="true" signature="tearDown()[pri:0, instance:com.smartfund.tests.AuthenticationTests@e056f20]" started-at="2026-08-06T11:49:59 IST" name="tearDown" finished-at="2026-08-06T11:49:59 IST" duration-ms="1" status="PASS">
          <reporter-output>
          </reporter-output>
        </test-method> <!-- tearDown -->
        <test-method is-config="true" signature="tearDown()[pri:0, instance:com.smartfund.tests.AuthenticationTests@e056f20]" started-at="2026-08-06T11:49:59 IST" name="tearDown" finished-at="2026-08-06T11:49:59 IST" duration-ms="1" status="PASS">
          <reporter-output>
          </reporter-output>
        </test-method> <!-- tearDown -->
        <test-method is-config="true" signature="setUp(org.testng.ITestContext)[pri:0, instance:com.smartfund.tests.AuthenticationTests@e056f20]" started-at="2026-08-06T11:49:59 IST" name="setUp" finished-at="2026-08-06T11:49:59 IST" duration-ms="1" status="PASS">
          <params>
            <param index="0">
              <value>
                <![CDATA[org.testng.TestRunner@1d0a3d74]]>
              </value>
            </param>
          </params>
          <reporter-output>
          </reporter-output>
        </test-method> <!-- setUp -->
        <test-method is-config="true" signature="setUp(org.testng.ITestContext)[pri:0, instance:com.smartfund.tests.AuthenticationTests@e056f20]" started-at="2026-08-06T11:49:59 IST" name="setUp" finished-at="2026-08-06T11:49:59 IST" duration-ms="1" status="PASS">
          <params>
            <param index="0">
              <value>
                <![CDATA[org.testng.TestRunner@1d0a3d74]]>
              </value>
            </param>
          </params>
          <reporter-output>
          </reporter-output>
        </test-method> <!-- setUp -->
        <test-method signature="testOAuthCodeExchange(org.testng.ITestContext)[pri:0, instance:com.smartfund.tests.AuthenticationTests@e056f20]" started-at="2026-08-06T11:49:59 IST" name="testOAuthCodeExchange" description="TC_AUTH_035: Verify OAuth authorization code exchange" finished-at="2026-08-06T11:49:59 IST" duration-ms="1" status="PASS">
          <params>
            <param index="0">
              <value>
                <![CDATA[org.testng.TestRunner@1d0a3d74]]>
              </value>
            </param>
          </params>
          <reporter-output>
          </reporter-output>
        </test-method> <!-- testOAuthCodeExchange -->
        <test-method signature="testLoginScreenDarkMode(org.testng.ITestContext)[pri:0, instance:com.smartfund.tests.AuthenticationTests@e056f20]" started-at="2026-08-06T11:49:59 IST" name="testLoginScreenDarkMode" description="TC_AUTH_036: Verify login screen UI rendering in dark mode" finished-at="2026-08-06T11:49:59 IST" duration-ms="1" status="PASS">
          <params>
            <param index="0">
              <value>
                <![CDATA[org.testng.TestRunner@1d0a3d74]]>
              </value>
            </param>
          </params>
          <reporter-output>
          </reporter-output>
        </test-method> <!-- testLoginScreenDarkMode -->
        <test-method is-config="true" signature="tearDown()[pri:0, instance:com.smartfund.tests.AuthenticationTests@e056f20]" started-at="2026-08-06T11:49:59 IST" name="tearDown" finished-at="2026-08-06T11:49:59 IST" duration-ms="0" status="PASS">
          <reporter-output>
          </reporter-output>
        </test-method> <!-- tearDown -->
        <test-method signature="testPasswordMasking(org.testng.ITestContext)[pri:0, instance:com.smartfund.tests.AuthenticationTests@e056f20]" started-at="2026-08-06T11:49:59 IST" name="testPasswordMasking" description="TC_AUTH_006: Verify password masking in login screen" finished-at="2026-08-06T11:49:59 IST" duration-ms="0" status="PASS">
          <params>
            <param index="0">
              <value>
                <![CDATA[org.testng.TestRunner@1d0a3d74]]>
              </value>
            </param>
          </params>
          <reporter-output>
          </reporter-output>
        </test-method> <!-- testPasswordMasking -->
        <test-method is-config="true" signature="setUp(org.testng.ITestContext)[pri:0, instance:com.smartfund.tests.AuthenticationTests@e056f20]" started-at="2026-08-06T11:49:59 IST" name="setUp" finished-at="2026-08-06T11:49:59 IST" duration-ms="0" status="PASS">
          <params>
            <param index="0">
              <value>
                <![CDATA[org.testng.TestRunner@1d0a3d74]]>
              </value>
            </param>
          </params>
          <reporter-output>
          </reporter-output>
        </test-method> <!-- setUp -->
        <test-method is-config="true" signature="setUp(org.testng.ITestContext)[pri:0, instance:com.smartfund.tests.AuthenticationTests@e056f20]" started-at="2026-08-06T11:49:59 IST" name="setUp" finished-at="2026-08-06T11:49:59 IST" duration-ms="1" status="PASS">
          <params>
            <param index="0">
              <value>
                <![CDATA[org.testng.TestRunner@1d0a3d74]]>
              </value>
            </param>
          </params>
          <reporter-output>
          </reporter-output>
        </test-method> <!-- setUp -->
        <test-method is-config="true" signature="tearDown()[pri:0, instance:com.smartfund.tests.AuthenticationTests@e056f20]" started-at="2026-08-06T11:49:59 IST" name="tearDown" finished-at="2026-08-06T11:49:59 IST" duration-ms="0" status="PASS">
          <reporter-output>
          </reporter-output>
        </test-method> <!-- tearDown -->
        <test-method signature="testPasswordResetLinkExpiry(org.testng.ITestContext)[pri:0, instance:com.smartfund.tests.AuthenticationTests@e056f20]" started-at="2026-08-06T11:49:59 IST" name="testPasswordResetLinkExpiry" description="TC_AUTH_031: Verify password reset link expiration" finished-at="2026-08-06T11:49:59 IST" duration-ms="0" status="PASS">
          <params>
            <param index="0">
              <value>
                <![CDATA[org.testng.TestRunner@1d0a3d74]]>
              </value>
            </param>
          </params>
          <reporter-output>
          </reporter-output>
        </test-method> <!-- testPasswordResetLinkExpiry -->
        <test-method is-config="true" signature="tearDown()[pri:0, instance:com.smartfund.tests.AuthenticationTests@e056f20]" started-at="2026-08-06T11:49:59 IST" name="tearDown" finished-at="2026-08-06T11:49:59 IST" duration-ms="0" status="PASS">
          <reporter-output>
          </reporter-output>
        </test-method> <!-- tearDown -->
        <test-method is-config="true" signature="tearDown()[pri:0, instance:com.smartfund.tests.AuthenticationTests@e056f20]" started-at="2026-08-06T11:49:59 IST" name="tearDown" finished-at="2026-08-06T11:49:59 IST" duration-ms="0" status="PASS">
          <reporter-output>
          </reporter-output>
        </test-method> <!-- tearDown -->
        <test-method signature="testReAuthenticationAfterExpiry(org.testng.ITestContext)[pri:0, instance:com.smartfund.tests.AuthenticationTests@e056f20]" started-at="2026-08-06T11:49:59 IST" name="testReAuthenticationAfterExpiry" description="TC_AUTH_040: Verify successful re-authentication after session expiry" finished-at="2026-08-06T11:49:59 IST" duration-ms="0" status="PASS">
          <params>
            <param index="0">
              <value>
                <![CDATA[org.testng.TestRunner@1d0a3d74]]>
              </value>
            </param>
          </params>
          <reporter-output>
          </reporter-output>
        </test-method> <!-- testReAuthenticationAfterExpiry -->
        <test-method signature="testPasswordToggle(org.testng.ITestContext)[pri:0, instance:com.smartfund.tests.AuthenticationTests@e056f20]" started-at="2026-08-06T11:49:59 IST" name="testPasswordToggle" description="TC_AUTH_007: Verify password toggle visibility button" finished-at="2026-08-06T11:49:59 IST" duration-ms="0" status="PASS">
          <params>
            <param index="0">
              <value>
                <![CDATA[org.testng.TestRunner@1d0a3d74]]>
              </value>
            </param>
          </params>
          <reporter-output>
          </reporter-output>
        </test-method> <!-- testPasswordToggle -->
        <test-method is-config="true" signature="setUp(org.testng.ITestContext)[pri:0, instance:com.smartfund.tests.AuthenticationTests@e056f20]" started-at="2026-08-06T11:49:59 IST" name="setUp" finished-at="2026-08-06T11:49:59 IST" duration-ms="0" status="PASS">
          <params>
            <param index="0">
              <value>
                <![CDATA[org.testng.TestRunner@1d0a3d74]]>
              </value>
            </param>
          </params>
          <reporter-output>
          </reporter-output>
        </test-method> <!-- setUp -->
        <test-method is-config="true" signature="setUp(org.testng.ITestContext)[pri:0, instance:com.smartfund.tests.AuthenticationTests@e056f20]" started-at="2026-08-06T11:49:59 IST" name="setUp" finished-at="2026-08-06T11:49:59 IST" duration-ms="0" status="PASS">
          <params>
            <param index="0">
              <value>
                <![CDATA[org.testng.TestRunner@1d0a3d74]]>
              </value>
            </param>
          </params>
          <reporter-output>
          </reporter-output>
        </test-method> <!-- setUp -->
        <test-method is-config="true" signature="tearDown()[pri:0, instance:com.smartfund.tests.AuthenticationTests@e056f20]" started-at="2026-08-06T11:49:59 IST" name="tearDown" finished-at="2026-08-06T11:49:59 IST" duration-ms="1" status="PASS">
          <reporter-output>
          </reporter-output>
        </test-method> <!-- tearDown -->
        <test-method is-config="true" signature="tearDown()[pri:0, instance:com.smartfund.tests.AuthenticationTests@e056f20]" started-at="2026-08-06T11:49:59 IST" name="tearDown" finished-at="2026-08-06T11:49:59 IST" duration-ms="1" status="PASS">
          <reporter-output>
          </reporter-output>
        </test-method> <!-- tearDown -->
        <test-method is-config="true" signature="setUp(org.testng.ITestContext)[pri:0, instance:com.smartfund.tests.AuthenticationTests@e056f20]" started-at="2026-08-06T11:49:59 IST" name="setUp" finished-at="2026-08-06T11:49:59 IST" duration-ms="1" status="PASS">
          <params>
            <param index="0">
              <value>
                <![CDATA[org.testng.TestRunner@1d0a3d74]]>
              </value>
            </param>
          </params>
          <reporter-output>
          </reporter-output>
        </test-method> <!-- setUp -->
        <test-method is-config="true" signature="setUp(org.testng.ITestContext)[pri:0, instance:com.smartfund.tests.AuthenticationTests@e056f20]" started-at="2026-08-06T11:49:59 IST" name="setUp" finished-at="2026-08-06T11:49:59 IST" duration-ms="1" status="PASS">
          <params>
            <param index="0">
              <value>
                <![CDATA[org.testng.TestRunner@1d0a3d74]]>
              </value>
            </param>
          </params>
          <reporter-output>
          </reporter-output>
        </test-method> <!-- setUp -->
        <test-method signature="testResendOtp(org.testng.ITestContext)[pri:0, instance:com.smartfund.tests.AuthenticationTests@e056f20]" started-at="2026-08-06T11:49:59 IST" name="testResendOtp" description="TC_AUTH_012: Verify resend OTP functionality" finished-at="2026-08-06T11:49:59 IST" duration-ms="0" status="PASS">
          <params>
            <param index="0">
              <value>
                <![CDATA[org.testng.TestRunner@1d0a3d74]]>
              </value>
            </param>
          </params>
          <reporter-output>
          </reporter-output>
        </test-method> <!-- testResendOtp -->
        <test-method signature="testRememberMe(org.testng.ITestContext)[pri:0, instance:com.smartfund.tests.AuthenticationTests@e056f20]" started-at="2026-08-06T11:49:59 IST" name="testRememberMe" description="TC_AUTH_009: Verify remember me checkbox functionality" finished-at="2026-08-06T11:49:59 IST" duration-ms="0" status="PASS">
          <params>
            <param index="0">
              <value>
                <![CDATA[org.testng.TestRunner@1d0a3d74]]>
              </value>
            </param>
          </params>
          <reporter-output>
          </reporter-output>
        </test-method> <!-- testRememberMe -->
        <test-method is-config="true" signature="tearDown()[pri:0, instance:com.smartfund.tests.AuthenticationTests@e056f20]" started-at="2026-08-06T11:49:59 IST" name="tearDown" finished-at="2026-08-06T11:49:59 IST" duration-ms="0" status="PASS">
          <reporter-output>
          </reporter-output>
        </test-method> <!-- tearDown -->
        <test-method signature="testResetPasswordLink(org.testng.ITestContext)[pri:0, instance:com.smartfund.tests.AuthenticationTests@e056f20]" started-at="2026-08-06T11:49:59 IST" name="testResetPasswordLink" description="TC_AUTH_016: Verify reset password link validation" finished-at="2026-08-06T11:49:59 IST" duration-ms="1" status="PASS">
          <params>
            <param index="0">
              <value>
                <![CDATA[org.testng.TestRunner@1d0a3d74]]>
              </value>
            </param>
          </params>
          <reporter-output>
          </reporter-output>
        </test-method> <!-- testResetPasswordLink -->
        <test-method is-config="true" signature="setUp(org.testng.ITestContext)[pri:0, instance:com.smartfund.tests.AuthenticationTests@e056f20]" started-at="2026-08-06T11:49:59 IST" name="setUp" finished-at="2026-08-06T11:49:59 IST" duration-ms="0" status="PASS">
          <params>
            <param index="0">
              <value>
                <![CDATA[org.testng.TestRunner@1d0a3d74]]>
              </value>
            </param>
          </params>
          <reporter-output>
          </reporter-output>
        </test-method> <!-- setUp -->
        <test-method is-config="true" signature="tearDown()[pri:0, instance:com.smartfund.tests.AuthenticationTests@e056f20]" started-at="2026-08-06T11:49:59 IST" name="tearDown" finished-at="2026-08-06T11:49:59 IST" duration-ms="0" status="PASS">
          <reporter-output>
          </reporter-output>
        </test-method> <!-- tearDown -->
        <test-method signature="testResetWeakPassword(org.testng.ITestContext)[pri:0, instance:com.smartfund.tests.AuthenticationTests@e056f20]" started-at="2026-08-06T11:49:59 IST" name="testResetWeakPassword" description="TC_AUTH_017: Verify password reset with weak password" finished-at="2026-08-06T11:49:59 IST" duration-ms="0" status="PASS">
          <params>
            <param index="0">
              <value>
                <![CDATA[org.testng.TestRunner@1d0a3d74]]>
              </value>
            </param>
          </params>
          <reporter-output>
          </reporter-output>
        </test-method> <!-- testResetWeakPassword -->
        <test-method is-config="true" signature="setUp(org.testng.ITestContext)[pri:0, instance:com.smartfund.tests.AuthenticationTests@e056f20]" started-at="2026-08-06T11:49:59 IST" name="setUp" finished-at="2026-08-06T11:49:59 IST" duration-ms="0" status="PASS">
          <params>
            <param index="0">
              <value>
                <![CDATA[org.testng.TestRunner@1d0a3d74]]>
              </value>
            </param>
          </params>
          <reporter-output>
          </reporter-output>
        </test-method> <!-- setUp -->
        <test-method is-config="true" signature="tearDown()[pri:0, instance:com.smartfund.tests.AuthenticationTests@e056f20]" started-at="2026-08-06T11:49:59 IST" name="tearDown" finished-at="2026-08-06T11:49:59 IST" duration-ms="1" status="PASS">
          <reporter-output>
          </reporter-output>
        </test-method> <!-- tearDown -->
        <test-method is-config="true" signature="tearDown()[pri:0, instance:com.smartfund.tests.AuthenticationTests@e056f20]" started-at="2026-08-06T11:49:59 IST" name="tearDown" finished-at="2026-08-06T11:49:59 IST" duration-ms="0" status="PASS">
          <reporter-output>
          </reporter-output>
        </test-method> <!-- tearDown -->
        <test-method signature="testSqlInjectionInEmail(org.testng.ITestContext)[pri:0, instance:com.smartfund.tests.AuthenticationTests@e056f20]" started-at="2026-08-06T11:49:59 IST" name="testSqlInjectionInEmail" description="TC_AUTH_025: Verify SQL injection prevention in login email field" finished-at="2026-08-06T11:49:59 IST" duration-ms="0" status="PASS">
          <params>
            <param index="0">
              <value>
                <![CDATA[org.testng.TestRunner@1d0a3d74]]>
              </value>
            </param>
          </params>
          <reporter-output>
          </reporter-output>
        </test-method> <!-- testSqlInjectionInEmail -->
        <test-method signature="testSessionPersistence(org.testng.ITestContext)[pri:0, instance:com.smartfund.tests.AuthenticationTests@e056f20]" started-at="2026-08-06T11:49:59 IST" name="testSessionPersistence" description="TC_AUTH_023: Verify session persistence after app restart" finished-at="2026-08-06T11:49:59 IST" duration-ms="0" status="PASS">
          <params>
            <param index="0">
              <value>
                <![CDATA[org.testng.TestRunner@1d0a3d74]]>
              </value>
            </param>
          </params>
          <reporter-output>
          </reporter-output>
        </test-method> <!-- testSessionPersistence -->
        <test-method is-config="true" signature="setUp(org.testng.ITestContext)[pri:0, instance:com.smartfund.tests.AuthenticationTests@e056f20]" started-at="2026-08-06T11:49:59 IST" name="setUp" finished-at="2026-08-06T11:49:59 IST" duration-ms="0" status="PASS">
          <params>
            <param index="0">
              <value>
                <![CDATA[org.testng.TestRunner@1d0a3d74]]>
              </value>
            </param>
          </params>
          <reporter-output>
          </reporter-output>
        </test-method> <!-- setUp -->
        <test-method is-config="true" signature="setUp(org.testng.ITestContext)[pri:0, instance:com.smartfund.tests.AuthenticationTests@e056f20]" started-at="2026-08-06T11:49:59 IST" name="setUp" finished-at="2026-08-06T11:49:59 IST" duration-ms="0" status="PASS">
          <params>
            <param index="0">
              <value>
                <![CDATA[org.testng.TestRunner@1d0a3d74]]>
              </value>
            </param>
          </params>
          <reporter-output>
          </reporter-output>
        </test-method> <!-- setUp -->
        <test-method is-config="true" signature="tearDown()[pri:0, instance:com.smartfund.tests.AuthenticationTests@e056f20]" started-at="2026-08-06T11:49:59 IST" name="tearDown" finished-at="2026-08-06T11:49:59 IST" duration-ms="0" status="PASS">
          <reporter-output>
          </reporter-output>
        </test-method> <!-- tearDown -->
        <test-method is-config="true" signature="tearDown()[pri:0, instance:com.smartfund.tests.AuthenticationTests@e056f20]" started-at="2026-08-06T11:49:59 IST" name="tearDown" finished-at="2026-08-06T11:49:59 IST" duration-ms="0" status="PASS">
          <reporter-output>
          </reporter-output>
        </test-method> <!-- tearDown -->
        <test-method signature="testSslPinningFailure(org.testng.ITestContext)[pri:0, instance:com.smartfund.tests.AuthenticationTests@e056f20]" started-at="2026-08-06T11:49:59 IST" name="testSslPinningFailure" description="TC_AUTH_039: Verify SSL pinning failure during login API call" finished-at="2026-08-06T11:49:59 IST" duration-ms="0" status="PASS">
          <params>
            <param index="0">
              <value>
                <![CDATA[org.testng.TestRunner@1d0a3d74]]>
              </value>
            </param>
          </params>
          <reporter-output>
          </reporter-output>
        </test-method> <!-- testSslPinningFailure -->
        <test-method is-config="true" signature="setUp(org.testng.ITestContext)[pri:0, instance:com.smartfund.tests.AuthenticationTests@e056f20]" started-at="2026-08-06T11:49:59 IST" name="setUp" finished-at="2026-08-06T11:49:59 IST" duration-ms="1" status="PASS">
          <params>
            <param index="0">
              <value>
                <![CDATA[org.testng.TestRunner@1d0a3d74]]>
              </value>
            </param>
          </params>
          <reporter-output>
          </reporter-output>
        </test-method> <!-- setUp -->
        <test-method is-config="true" signature="setUp(org.testng.ITestContext)[pri:0, instance:com.smartfund.tests.AuthenticationTests@e056f20]" started-at="2026-08-06T11:49:59 IST" name="setUp" finished-at="2026-08-06T11:49:59 IST" duration-ms="0" status="PASS">
          <params>
            <param index="0">
              <value>
                <![CDATA[org.testng.TestRunner@1d0a3d74]]>
              </value>
            </param>
          </params>
          <reporter-output>
          </reporter-output>
        </test-method> <!-- setUp -->
        <test-method signature="testSuccessfulLogout(org.testng.ITestContext)[pri:0, instance:com.smartfund.tests.AuthenticationTests@e056f20]" started-at="2026-08-06T11:49:59 IST" name="testSuccessfulLogout" description="TC_AUTH_008: Verify successful logout functionality" finished-at="2026-08-06T11:49:59 IST" duration-ms="0" status="PASS">
          <params>
            <param index="0">
              <value>
                <![CDATA[org.testng.TestRunner@1d0a3d74]]>
              </value>
            </param>
          </params>
          <reporter-output>
          </reporter-output>
        </test-method> <!-- testSuccessfulLogout -->
        <test-method is-config="true" signature="tearDown()[pri:0, instance:com.smartfund.tests.AuthenticationTests@e056f20]" started-at="2026-08-06T11:49:59 IST" name="tearDown" finished-at="2026-08-06T11:49:59 IST" duration-ms="1" status="PASS">
          <reporter-output>
          </reporter-output>
        </test-method> <!-- tearDown -->
        <test-method signature="testTrimWhitespaceEmail(org.testng.ITestContext)[pri:0, instance:com.smartfund.tests.AuthenticationTests@e056f20]" started-at="2026-08-06T11:49:59 IST" name="testTrimWhitespaceEmail" description="TC_AUTH_027: Verify trim leading/trailing whitespace in email" finished-at="2026-08-06T11:49:59 IST" duration-ms="1" status="PASS">
          <params>
            <param index="0">
              <value>
                <![CDATA[org.testng.TestRunner@1d0a3d74]]>
              </value>
            </param>
          </params>
          <reporter-output>
          </reporter-output>
        </test-method> <!-- testTrimWhitespaceEmail -->
        <test-method is-config="true" signature="setUp(org.testng.ITestContext)[pri:0, instance:com.smartfund.tests.AuthenticationTests@e056f20]" started-at="2026-08-06T11:49:59 IST" name="setUp" finished-at="2026-08-06T11:49:59 IST" duration-ms="0" status="PASS">
          <params>
            <param index="0">
              <value>
                <![CDATA[org.testng.TestRunner@1d0a3d74]]>
              </value>
            </param>
          </params>
          <reporter-output>
          </reporter-output>
        </test-method> <!-- setUp -->
        <test-method is-config="true" signature="tearDown()[pri:0, instance:com.smartfund.tests.AuthenticationTests@e056f20]" started-at="2026-08-06T11:49:59 IST" name="tearDown" finished-at="2026-08-06T11:49:59 IST" duration-ms="1" status="PASS">
          <reporter-output>
          </reporter-output>
        </test-method> <!-- tearDown -->
        <test-method signature="testTwoFactorTrigger(org.testng.ITestContext)[pri:0, instance:com.smartfund.tests.AuthenticationTests@e056f20]" started-at="2026-08-06T11:49:59 IST" name="testTwoFactorTrigger" description="TC_AUTH_010: Verify OTP trigger for 2FA login" finished-at="2026-08-06T11:49:59 IST" duration-ms="1" status="PASS">
          <params>
            <param index="0">
              <value>
                <![CDATA[org.testng.TestRunner@1d0a3d74]]>
              </value>
            </param>
          </params>
          <reporter-output>
          </reporter-output>
        </test-method> <!-- testTwoFactorTrigger -->
        <test-method is-config="true" signature="setUp(org.testng.ITestContext)[pri:0, instance:com.smartfund.tests.AuthenticationTests@e056f20]" started-at="2026-08-06T11:49:59 IST" name="setUp" finished-at="2026-08-06T11:49:59 IST" duration-ms="0" status="PASS">
          <params>
            <param index="0">
              <value>
                <![CDATA[org.testng.TestRunner@1d0a3d74]]>
              </value>
            </param>
          </params>
          <reporter-output>
          </reporter-output>
        </test-method> <!-- setUp -->
        <test-method is-config="true" signature="tearDown()[pri:0, instance:com.smartfund.tests.AuthenticationTests@e056f20]" started-at="2026-08-06T11:49:59 IST" name="tearDown" finished-at="2026-08-06T11:49:59 IST" duration-ms="1" status="PASS">
          <reporter-output>
          </reporter-output>
        </test-method> <!-- tearDown -->
        <test-method signature="testValidLogin(org.testng.ITestContext)[pri:0, instance:com.smartfund.tests.AuthenticationTests@e056f20]" started-at="2026-08-06T11:49:59 IST" name="testValidLogin" description="TC_AUTH_001: Verify successful login with valid credentials" finished-at="2026-08-06T11:49:59 IST" duration-ms="1" status="PASS">
          <params>
            <param index="0">
              <value>
                <![CDATA[org.testng.TestRunner@1d0a3d74]]>
              </value>
            </param>
          </params>
          <reporter-output>
          </reporter-output>
        </test-method> <!-- testValidLogin -->
        <test-method is-config="true" signature="setUp(org.testng.ITestContext)[pri:0, instance:com.smartfund.tests.AuthenticationTests@e056f20]" started-at="2026-08-06T11:49:59 IST" name="setUp" finished-at="2026-08-06T11:49:59 IST" duration-ms="0" status="PASS">
          <params>
            <param index="0">
              <value>
                <![CDATA[org.testng.TestRunner@1d0a3d74]]>
              </value>
            </param>
          </params>
          <reporter-output>
          </reporter-output>
        </test-method> <!-- setUp -->
        <test-method is-config="true" signature="tearDown()[pri:0, instance:com.smartfund.tests.AuthenticationTests@e056f20]" started-at="2026-08-06T11:49:59 IST" name="tearDown" finished-at="2026-08-06T11:49:59 IST" duration-ms="0" status="PASS">
          <reporter-output>
          </reporter-output>
        </test-method> <!-- tearDown -->
        <test-method is-config="true" signature="setUp(org.testng.ITestContext)[pri:0, instance:com.smartfund.tests.AuthenticationTests@e056f20]" started-at="2026-08-06T11:49:59 IST" name="setUp" finished-at="2026-08-06T11:49:59 IST" duration-ms="1" status="PASS">
          <params>
            <param index="0">
              <value>
                <![CDATA[org.testng.TestRunner@1d0a3d74]]>
              </value>
            </param>
          </params>
          <reporter-output>
          </reporter-output>
        </test-method> <!-- setUp -->
        <test-method signature="testUnregisteredEmail(org.testng.ITestContext)[pri:0, instance:com.smartfund.tests.AuthenticationTests@e056f20]" started-at="2026-08-06T11:49:59 IST" name="testUnregisteredEmail" description="TC_AUTH_003: Verify error message for unregistered email" finished-at="2026-08-06T11:49:59 IST" duration-ms="0" status="PASS">
          <params>
            <param index="0">
              <value>
                <![CDATA[org.testng.TestRunner@1d0a3d74]]>
              </value>
            </param>
          </params>
          <reporter-output>
          </reporter-output>
        </test-method> <!-- testUnregisteredEmail -->
        <test-method is-config="true" signature="tearDown()[pri:0, instance:com.smartfund.tests.AuthenticationTests@e056f20]" started-at="2026-08-06T11:49:59 IST" name="tearDown" finished-at="2026-08-06T11:49:59 IST" duration-ms="0" status="PASS">
          <reporter-output>
          </reporter-output>
        </test-method> <!-- tearDown -->
        <test-method signature="testValidOtpAuthentication(org.testng.ITestContext)[pri:0, instance:com.smartfund.tests.AuthenticationTests@e056f20]" started-at="2026-08-06T11:49:59 IST" name="testValidOtpAuthentication" description="TC_AUTH_011: Verify valid OTP authentication" finished-at="2026-08-06T11:49:59 IST" duration-ms="0" status="PASS">
          <params>
            <param index="0">
              <value>
                <![CDATA[org.testng.TestRunner@1d0a3d74]]>
              </value>
            </param>
          </params>
          <reporter-output>
          </reporter-output>
        </test-method> <!-- testValidOtpAuthentication -->
        <test-method is-config="true" signature="setUp(org.testng.ITestContext)[pri:0, instance:com.smartfund.tests.AuthenticationTests@e056f20]" started-at="2026-08-06T11:49:59 IST" name="setUp" finished-at="2026-08-06T11:49:59 IST" duration-ms="0" status="PASS">
          <params>
            <param index="0">
              <value>
                <![CDATA[org.testng.TestRunner@1d0a3d74]]>
              </value>
            </param>
          </params>
          <reporter-output>
          </reporter-output>
        </test-method> <!-- setUp -->
        <test-method is-config="true" signature="tearDown()[pri:0, instance:com.smartfund.tests.AuthenticationTests@e056f20]" started-at="2026-08-06T11:49:59 IST" name="tearDown" finished-at="2026-08-06T11:49:59 IST" duration-ms="0" status="PASS">
          <reporter-output>
          </reporter-output>
        </test-method> <!-- tearDown -->
        <test-method is-config="true" signature="setUp(org.testng.ITestContext)[pri:0, instance:com.smartfund.tests.AuthenticationTests@e056f20]" started-at="2026-08-06T11:49:59 IST" name="setUp" finished-at="2026-08-06T11:49:59 IST" duration-ms="1" status="PASS">
          <params>
            <param index="0">
              <value>
                <![CDATA[org.testng.TestRunner@1d0a3d74]]>
              </value>
            </param>
          </params>
          <reporter-output>
          </reporter-output>
        </test-method> <!-- setUp -->
        <test-method signature="testXssInEmail(org.testng.ITestContext)[pri:0, instance:com.smartfund.tests.AuthenticationTests@e056f20]" started-at="2026-08-06T11:49:59 IST" name="testXssInEmail" description="TC_AUTH_026: Verify XSS script injection in login email field" finished-at="2026-08-06T11:49:59 IST" duration-ms="1" status="PASS">
          <params>
            <param index="0">
              <value>
                <![CDATA[org.testng.TestRunner@1d0a3d74]]>
              </value>
            </param>
          </params>
          <reporter-output>
          </reporter-output>
        </test-method> <!-- testXssInEmail -->
        <test-method is-config="true" signature="tearDown()[pri:0, instance:com.smartfund.tests.AuthenticationTests@e056f20]" started-at="2026-08-06T11:49:59 IST" name="tearDown" finished-at="2026-08-06T11:49:59 IST" duration-ms="0" status="PASS">
          <reporter-output>
          </reporter-output>
        </test-method> <!-- tearDown -->
        <test-method is-config="true" signature="tearDown()[pri:0, instance:com.smartfund.tests.AuthenticationTests@e056f20]" started-at="2026-08-06T11:49:59 IST" name="tearDown" finished-at="2026-08-06T11:49:59 IST" duration-ms="0" status="PASS">
          <reporter-output>
          </reporter-output>
        </test-method> <!-- tearDown -->
      </class> <!-- com.smartfund.tests.AuthenticationTests -->
      <class name="com.smartfund.tests.SearchFilterValidationTests">
        <test-method signature="testAccessibilitySuite(org.testng.ITestContext)[pri:0, instance:com.smartfund.tests.SearchFilterValidationTests@64cd705f]" started-at="2026-08-06T11:50:00 IST" name="testAccessibilitySuite" description="TC_ACC_001 to TC_ACC_020: Execute accessibility suite" finished-at="2026-08-06T11:50:00 IST" duration-ms="1" status="PASS">
          <params>
            <param index="0">
              <value>
                <![CDATA[org.testng.TestRunner@1d0a3d74]]>
              </value>
            </param>
          </params>
          <reporter-output>
          </reporter-output>
        </test-method> <!-- testAccessibilitySuite -->
        <test-method is-config="true" signature="setUp(org.testng.ITestContext)[pri:0, instance:com.smartfund.tests.SearchFilterValidationTests@64cd705f]" started-at="2026-08-06T11:50:00 IST" name="setUp" finished-at="2026-08-06T11:50:00 IST" duration-ms="0" status="PASS">
          <params>
            <param index="0">
              <value>
                <![CDATA[org.testng.TestRunner@1d0a3d74]]>
              </value>
            </param>
          </params>
          <reporter-output>
          </reporter-output>
        </test-method> <!-- setUp -->
        <test-method is-config="true" signature="setUp(org.testng.ITestContext)[pri:0, instance:com.smartfund.tests.SearchFilterValidationTests@64cd705f]" started-at="2026-08-06T11:50:00 IST" name="setUp" finished-at="2026-08-06T11:50:00 IST" duration-ms="1" status="PASS">
          <params>
            <param index="0">
              <value>
                <![CDATA[org.testng.TestRunner@1d0a3d74]]>
              </value>
            </param>
          </params>
          <reporter-output>
          </reporter-output>
        </test-method> <!-- setUp -->
        <test-method signature="testErrorHandlingSuite(org.testng.ITestContext)[pri:0, instance:com.smartfund.tests.SearchFilterValidationTests@64cd705f]" started-at="2026-08-06T11:50:00 IST" name="testErrorHandlingSuite" description="TC_ERR_001 to TC_ERR_020: Execute error handling suite" finished-at="2026-08-06T11:50:00 IST" duration-ms="1" status="PASS">
          <params>
            <param index="0">
              <value>
                <![CDATA[org.testng.TestRunner@1d0a3d74]]>
              </value>
            </param>
          </params>
          <reporter-output>
          </reporter-output>
        </test-method> <!-- testErrorHandlingSuite -->
        <test-method is-config="true" signature="tearDown()[pri:0, instance:com.smartfund.tests.SearchFilterValidationTests@64cd705f]" started-at="2026-08-06T11:50:00 IST" name="tearDown" finished-at="2026-08-06T11:50:00 IST" duration-ms="1" status="PASS">
          <reporter-output>
          </reporter-output>
        </test-method> <!-- tearDown -->
        <test-method is-config="true" signature="setUp(org.testng.ITestContext)[pri:0, instance:com.smartfund.tests.SearchFilterValidationTests@64cd705f]" started-at="2026-08-06T11:50:00 IST" name="setUp" finished-at="2026-08-06T11:50:00 IST" duration-ms="0" status="PASS">
          <params>
            <param index="0">
              <value>
                <![CDATA[org.testng.TestRunner@1d0a3d74]]>
              </value>
            </param>
          </params>
          <reporter-output>
          </reporter-output>
        </test-method> <!-- setUp -->
        <test-method signature="testFileUploadSuite(org.testng.ITestContext)[pri:0, instance:com.smartfund.tests.SearchFilterValidationTests@64cd705f]" started-at="2026-08-06T11:50:00 IST" name="testFileUploadSuite" description="TC_FILE_001 to TC_FILE_020: Execute file upload suite" finished-at="2026-08-06T11:50:00 IST" duration-ms="0" status="PASS">
          <params>
            <param index="0">
              <value>
                <![CDATA[org.testng.TestRunner@1d0a3d74]]>
              </value>
            </param>
          </params>
          <reporter-output>
          </reporter-output>
        </test-method> <!-- testFileUploadSuite -->
        <test-method is-config="true" signature="tearDown()[pri:0, instance:com.smartfund.tests.SearchFilterValidationTests@64cd705f]" started-at="2026-08-06T11:50:00 IST" name="tearDown" finished-at="2026-08-06T11:50:00 IST" duration-ms="0" status="PASS">
          <reporter-output>
          </reporter-output>
        </test-method> <!-- tearDown -->
        <test-method signature="testFiltersSuite(org.testng.ITestContext)[pri:0, instance:com.smartfund.tests.SearchFilterValidationTests@64cd705f]" started-at="2026-08-06T11:50:00 IST" name="testFiltersSuite" description="TC_FLTR_001 to TC_FLTR_020: Execute filters suite" finished-at="2026-08-06T11:50:00 IST" duration-ms="0" status="PASS">
          <params>
            <param index="0">
              <value>
                <![CDATA[org.testng.TestRunner@1d0a3d74]]>
              </value>
            </param>
          </params>
          <reporter-output>
          </reporter-output>
        </test-method> <!-- testFiltersSuite -->
        <test-method is-config="true" signature="setUp(org.testng.ITestContext)[pri:0, instance:com.smartfund.tests.SearchFilterValidationTests@64cd705f]" started-at="2026-08-06T11:50:00 IST" name="setUp" finished-at="2026-08-06T11:50:00 IST" duration-ms="0" status="PASS">
          <params>
            <param index="0">
              <value>
                <![CDATA[org.testng.TestRunner@1d0a3d74]]>
              </value>
            </param>
          </params>
          <reporter-output>
          </reporter-output>
        </test-method> <!-- setUp -->
        <test-method is-config="true" signature="tearDown()[pri:0, instance:com.smartfund.tests.SearchFilterValidationTests@64cd705f]" started-at="2026-08-06T11:50:00 IST" name="tearDown" finished-at="2026-08-06T11:50:00 IST" duration-ms="1" status="PASS">
          <reporter-output>
          </reporter-output>
        </test-method> <!-- tearDown -->
        <test-method signature="testFullRegressionSuite(org.testng.ITestContext)[pri:0, instance:com.smartfund.tests.SearchFilterValidationTests@64cd705f]" started-at="2026-08-06T11:50:00 IST" name="testFullRegressionSuite" description="TC_REGR_001 to TC_REGR_050: Execute full regression suite" finished-at="2026-08-06T11:50:00 IST" duration-ms="1" status="PASS">
          <params>
            <param index="0">
              <value>
                <![CDATA[org.testng.TestRunner@1d0a3d74]]>
              </value>
            </param>
          </params>
          <reporter-output>
          </reporter-output>
        </test-method> <!-- testFullRegressionSuite -->
        <test-method is-config="true" signature="setUp(org.testng.ITestContext)[pri:0, instance:com.smartfund.tests.SearchFilterValidationTests@64cd705f]" started-at="2026-08-06T11:50:00 IST" name="setUp" finished-at="2026-08-06T11:50:00 IST" duration-ms="0" status="PASS">
          <params>
            <param index="0">
              <value>
                <![CDATA[org.testng.TestRunner@1d0a3d74]]>
              </value>
            </param>
          </params>
          <reporter-output>
          </reporter-output>
        </test-method> <!-- setUp -->
        <test-method is-config="true" signature="tearDown()[pri:0, instance:com.smartfund.tests.SearchFilterValidationTests@64cd705f]" started-at="2026-08-06T11:50:00 IST" name="tearDown" finished-at="2026-08-06T11:50:00 IST" duration-ms="0" status="PASS">
          <reporter-output>
          </reporter-output>
        </test-method> <!-- tearDown -->
        <test-method is-config="true" signature="setUp(org.testng.ITestContext)[pri:0, instance:com.smartfund.tests.SearchFilterValidationTests@64cd705f]" started-at="2026-08-06T11:50:00 IST" name="setUp" finished-at="2026-08-06T11:50:00 IST" duration-ms="1" status="PASS">
          <params>
            <param index="0">
              <value>
                <![CDATA[org.testng.TestRunner@1d0a3d74]]>
              </value>
            </param>
          </params>
          <reporter-output>
          </reporter-output>
        </test-method> <!-- setUp -->
        <test-method signature="testInputValidationSuite(org.testng.ITestContext)[pri:0, instance:com.smartfund.tests.SearchFilterValidationTests@64cd705f]" started-at="2026-08-06T11:50:00 IST" name="testInputValidationSuite" description="TC_VAL_001 to TC_VAL_040: Execute input validation suite" finished-at="2026-08-06T11:50:00 IST" duration-ms="0" status="PASS">
          <params>
            <param index="0">
              <value>
                <![CDATA[org.testng.TestRunner@1d0a3d74]]>
              </value>
            </param>
          </params>
          <reporter-output>
          </reporter-output>
        </test-method> <!-- testInputValidationSuite -->
        <test-method is-config="true" signature="tearDown()[pri:0, instance:com.smartfund.tests.SearchFilterValidationTests@64cd705f]" started-at="2026-08-06T11:50:00 IST" name="tearDown" finished-at="2026-08-06T11:50:00 IST" duration-ms="1" status="PASS">
          <reporter-output>
          </reporter-output>
        </test-method> <!-- tearDown -->
        <test-method signature="testNotificationsSuite(org.testng.ITestContext)[pri:0, instance:com.smartfund.tests.SearchFilterValidationTests@64cd705f]" started-at="2026-08-06T11:50:00 IST" name="testNotificationsSuite" description="TC_NOTIF_001 to TC_NOTIF_020: Execute notifications suite" finished-at="2026-08-06T11:50:00 IST" duration-ms="1" status="PASS">
          <params>
            <param index="0">
              <value>
                <![CDATA[org.testng.TestRunner@1d0a3d74]]>
              </value>
            </param>
          </params>
          <reporter-output>
          </reporter-output>
        </test-method> <!-- testNotificationsSuite -->
        <test-method is-config="true" signature="tearDown()[pri:0, instance:com.smartfund.tests.SearchFilterValidationTests@64cd705f]" started-at="2026-08-06T11:50:00 IST" name="tearDown" finished-at="2026-08-06T11:50:00 IST" duration-ms="0" status="PASS">
          <reporter-output>
          </reporter-output>
        </test-method> <!-- tearDown -->
        <test-method is-config="true" signature="setUp(org.testng.ITestContext)[pri:0, instance:com.smartfund.tests.SearchFilterValidationTests@64cd705f]" started-at="2026-08-06T11:50:00 IST" name="setUp" finished-at="2026-08-06T11:50:00 IST" duration-ms="0" status="PASS">
          <params>
            <param index="0">
              <value>
                <![CDATA[org.testng.TestRunner@1d0a3d74]]>
              </value>
            </param>
          </params>
          <reporter-output>
          </reporter-output>
        </test-method> <!-- setUp -->
        <test-method is-config="true" signature="setUp(org.testng.ITestContext)[pri:0, instance:com.smartfund.tests.SearchFilterValidationTests@64cd705f]" started-at="2026-08-06T11:50:00 IST" name="setUp" finished-at="2026-08-06T11:50:00 IST" duration-ms="1" status="PASS">
          <params>
            <param index="0">
              <value>
                <![CDATA[org.testng.TestRunner@1d0a3d74]]>
              </value>
            </param>
          </params>
          <reporter-output>
          </reporter-output>
        </test-method> <!-- setUp -->
        <test-method signature="testOfflineHandlingSuite(org.testng.ITestContext)[pri:0, instance:com.smartfund.tests.SearchFilterValidationTests@64cd705f]" started-at="2026-08-06T11:50:00 IST" name="testOfflineHandlingSuite" description="TC_OFF_001 to TC_OFF_010: Execute offline handling suite" finished-at="2026-08-06T11:50:00 IST" duration-ms="0" status="PASS">
          <params>
            <param index="0">
              <value>
                <![CDATA[org.testng.TestRunner@1d0a3d74]]>
              </value>
            </param>
          </params>
          <reporter-output>
          </reporter-output>
        </test-method> <!-- testOfflineHandlingSuite -->
        <test-method is-config="true" signature="setUp(org.testng.ITestContext)[pri:0, instance:com.smartfund.tests.SearchFilterValidationTests@64cd705f]" started-at="2026-08-06T11:50:00 IST" name="setUp" finished-at="2026-08-06T11:50:00 IST" duration-ms="1" status="PASS">
          <params>
            <param index="0">
              <value>
                <![CDATA[org.testng.TestRunner@1d0a3d74]]>
              </value>
            </param>
          </params>
          <reporter-output>
          </reporter-output>
        </test-method> <!-- setUp -->
        <test-method is-config="true" signature="tearDown()[pri:0, instance:com.smartfund.tests.SearchFilterValidationTests@64cd705f]" started-at="2026-08-06T11:50:00 IST" name="tearDown" finished-at="2026-08-06T11:50:00 IST" duration-ms="1" status="PASS">
          <reporter-output>
          </reporter-output>
        </test-method> <!-- tearDown -->
        <test-method is-config="true" signature="tearDown()[pri:0, instance:com.smartfund.tests.SearchFilterValidationTests@64cd705f]" started-at="2026-08-06T11:50:00 IST" name="tearDown" finished-at="2026-08-06T11:50:00 IST" duration-ms="0" status="PASS">
          <reporter-output>
          </reporter-output>
        </test-method> <!-- tearDown -->
        <test-method signature="testResponsiveUiSuite(org.testng.ITestContext)[pri:0, instance:com.smartfund.tests.SearchFilterValidationTests@64cd705f]" started-at="2026-08-06T11:50:00 IST" name="testResponsiveUiSuite" description="TC_RESP_001 to TC_RESP_010: Execute responsive UI suite" finished-at="2026-08-06T11:50:00 IST" duration-ms="1" status="PASS">
          <params>
            <param index="0">
              <value>
                <![CDATA[org.testng.TestRunner@1d0a3d74]]>
              </value>
            </param>
          </params>
          <reporter-output>
          </reporter-output>
        </test-method> <!-- testResponsiveUiSuite -->
        <test-method signature="testPerformanceSmokeSuite(org.testng.ITestContext)[pri:0, instance:com.smartfund.tests.SearchFilterValidationTests@64cd705f]" started-at="2026-08-06T11:50:00 IST" name="testPerformanceSmokeSuite" description="TC_PERF_001 to TC_PERF_020: Execute performance smoke suite" finished-at="2026-08-06T11:50:00 IST" duration-ms="0" status="PASS">
          <params>
            <param index="0">
              <value>
                <![CDATA[org.testng.TestRunner@1d0a3d74]]>
              </value>
            </param>
          </params>
          <reporter-output>
          </reporter-output>
        </test-method> <!-- testPerformanceSmokeSuite -->
        <test-method is-config="true" signature="setUp(org.testng.ITestContext)[pri:0, instance:com.smartfund.tests.SearchFilterValidationTests@64cd705f]" started-at="2026-08-06T11:50:00 IST" name="setUp" finished-at="2026-08-06T11:50:00 IST" duration-ms="0" status="PASS">
          <params>
            <param index="0">
              <value>
                <![CDATA[org.testng.TestRunner@1d0a3d74]]>
              </value>
            </param>
          </params>
          <reporter-output>
          </reporter-output>
        </test-method> <!-- setUp -->
        <test-method is-config="true" signature="tearDown()[pri:0, instance:com.smartfund.tests.SearchFilterValidationTests@64cd705f]" started-at="2026-08-06T11:50:00 IST" name="tearDown" finished-at="2026-08-06T11:50:00 IST" duration-ms="0" status="PASS">
          <reporter-output>
          </reporter-output>
        </test-method> <!-- tearDown -->
        <test-method is-config="true" signature="setUp(org.testng.ITestContext)[pri:0, instance:com.smartfund.tests.SearchFilterValidationTests@64cd705f]" started-at="2026-08-06T11:50:00 IST" name="setUp" finished-at="2026-08-06T11:50:00 IST" duration-ms="1" status="PASS">
          <params>
            <param index="0">
              <value>
                <![CDATA[org.testng.TestRunner@1d0a3d74]]>
              </value>
            </param>
          </params>
          <reporter-output>
          </reporter-output>
        </test-method> <!-- setUp -->
        <test-method signature="testSearchSuite(org.testng.ITestContext)[pri:0, instance:com.smartfund.tests.SearchFilterValidationTests@64cd705f]" started-at="2026-08-06T11:50:00 IST" name="testSearchSuite" description="TC_SRCH_001 to TC_SRCH_020: Execute search suite" finished-at="2026-08-06T11:50:00 IST" duration-ms="0" status="PASS">
          <params>
            <param index="0">
              <value>
                <![CDATA[org.testng.TestRunner@1d0a3d74]]>
              </value>
            </param>
          </params>
          <reporter-output>
          </reporter-output>
[...]
          <params>
            <param index="0">
              <value>
                <![CDATA[org.testng.TestRunner@1d0a3d74]]>
              </value>
            </param>
          </params>
          <reporter-output>
          </reporter-output>
        </test-method> <!-- setUp -->
        <test-method is-config="true" signature="tearDown()[pri:0, instance:com.smartfund.tests.AuthorizationAndProfileTests@a9cd3b1]" started-at="2026-08-06T11:50:00 IST" name="tearDown" finished-at="2026-08-06T11:50:00 IST" duration-ms="0" status="PASS">
          <reporter-output>
          </reporter-output>
        </test-method> <!-- tearDown -->
        <test-method signature="testReg009(org.testng.ITestContext)[pri:0, instance:com.smartfund.tests.AuthorizationAndProfileTests@a9cd3b1]" started-at="2026-08-06T11:50:00 IST" name="testReg009" description="TC_REG_009: Verify registration SMS OTP verification step" finished-at="2026-08-06T11:50:00 IST" duration-ms="0" status="PASS">
          <params>
            <param index="0">
              <value>
                <![CDATA[org.testng.TestRunner@1d0a3d74]]>
              </value>
            </param>
          </params>
          <reporter-output>
          </reporter-output>
        </test-method> <!-- testReg009 -->
        <test-method is-config="true" signature="setUp(org.testng.ITestContext)[pri:0, instance:com.smartfund.tests.AuthorizationAndProfileTests@a9cd3b1]" started-at="2026-08-06T11:50:00 IST" name="setUp" finished-at="2026-08-06T11:50:00 IST" duration-ms="0" status="PASS">
          <params>
            <param index="0">
              <value>
                <![CDATA[org.testng.TestRunner@1d0a3d74]]>
              </value>
            </param>
          </params>
          <reporter-output>
          </reporter-output>
        </test-method> <!-- setUp -->
        <test-method is-config="true" signature="tearDown()[pri:0, instance:com.smartfund.tests.AuthorizationAndProfileTests@a9cd3b1]" started-at="2026-08-06T11:50:00 IST" name="tearDown" finished-at="2026-08-06T11:50:00 IST" duration-ms="0" status="PASS">
          <reporter-output>
          </reporter-output>
        </test-method> <!-- tearDown -->
        <test-method is-config="true" signature="tearDown()[pri:0, instance:com.smartfund.tests.AuthorizationAndProfileTests@a9cd3b1]" started-at="2026-08-06T11:50:00 IST" name="tearDown" finished-at="2026-08-06T11:50:00 IST" duration-ms="0" status="PASS">
          <reporter-output>
          </reporter-output>
        </test-method> <!-- tearDown -->
        <test-method signature="testReg010(org.testng.ITestContext)[pri:0, instance:com.smartfund.tests.AuthorizationAndProfileTests@a9cd3b1]" started-at="2026-08-06T11:50:00 IST" name="testReg010" description="TC_REG_010: Verify registration rate limiting per IP" finished-at="2026-08-06T11:50:00 IST" duration-ms="0" status="PASS">
          <params>
            <param index="0">
              <value>
                <![CDATA[org.testng.TestRunner@1d0a3d74]]>
              </value>
            </param>
          </params>
          <reporter-output>
          </reporter-output>
        </test-method> <!-- testReg010 -->
        <test-method signature="testReg011(org.testng.ITestContext)[pri:0, instance:com.smartfund.tests.AuthorizationAndProfileTests@a9cd3b1]" started-at="2026-08-06T11:50:00 IST" name="testReg011" description="TC_REG_011: Verify registration captcha bot protection" finished-at="2026-08-06T11:50:00 IST" duration-ms="0" status="PASS">
          <params>
            <param index="0">
              <value>
                <![CDATA[org.testng.TestRunner@1d0a3d74]]>
              </value>
            </param>
          </params>
          <reporter-output>
          </reporter-output>
        </test-method> <!-- testReg011 -->
        <test-method is-config="true" signature="setUp(org.testng.ITestContext)[pri:0, instance:com.smartfund.tests.AuthorizationAndProfileTests@a9cd3b1]" started-at="2026-08-06T11:50:00 IST" name="setUp" finished-at="2026-08-06T11:50:00 IST" duration-ms="0" status="PASS">
          <params>
            <param index="0">
              <value>
                <![CDATA[org.testng.TestRunner@1d0a3d74]]>
              </value>
            </param>
          </params>
          <reporter-output>
          </reporter-output>
        </test-method> <!-- setUp -->
        <test-method is-config="true" signature="setUp(org.testng.ITestContext)[pri:0, instance:com.smartfund.tests.AuthorizationAndProfileTests@a9cd3b1]" started-at="2026-08-06T11:50:00 IST" name="setUp" finished-at="2026-08-06T11:50:00 IST" duration-ms="0" status="PASS">
          <params>
            <param index="0">
              <value>
                <![CDATA[org.testng.TestRunner@1d0a3d74]]>
              </value>
            </param>
          </params>
          <reporter-output>
          </reporter-output>
        </test-method> <!-- setUp -->
        <test-method signature="testReg012(org.testng.ITestContext)[pri:0, instance:com.smartfund.tests.AuthorizationAndProfileTests@a9cd3b1]" started-at="2026-08-06T11:50:00 IST" name="testReg012" description="TC_REG_012: Verify registration full name length limit" finished-at="2026-08-06T11:50:00 IST" duration-ms="1" status="PASS">
          <params>
            <param index="0">
              <value>
                <![CDATA[org.testng.TestRunner@1d0a3d74]]>
              </value>
            </param>
          </params>
          <reporter-output>
          </reporter-output>
        </test-method> <!-- testReg012 -->
        <test-method is-config="true" signature="setUp(org.testng.ITestContext)[pri:0, instance:com.smartfund.tests.AuthorizationAndProfileTests@a9cd3b1]" started-at="2026-08-06T11:50:00 IST" name="setUp" finished-at="2026-08-06T11:50:00 IST" duration-ms="0" status="PASS">
          <params>
            <param index="0">
              <value>
                <![CDATA[org.testng.TestRunner@1d0a3d74]]>
              </value>
            </param>
          </params>
          <reporter-output>
          </reporter-output>
        </test-method> <!-- setUp -->
        <test-method is-config="true" signature="tearDown()[pri:0, instance:com.smartfund.tests.AuthorizationAndProfileTests@a9cd3b1]" started-at="2026-08-06T11:50:00 IST" name="tearDown" finished-at="2026-08-06T11:50:00 IST" duration-ms="0" status="PASS">
          <reporter-output>
          </reporter-output>
        </test-method> <!-- tearDown -->
        <test-method is-config="true" signature="tearDown()[pri:0, instance:com.smartfund.tests.AuthorizationAndProfileTests@a9cd3b1]" started-at="2026-08-06T11:50:00 IST" name="tearDown" finished-at="2026-08-06T11:50:00 IST" duration-ms="0" status="PASS">
          <reporter-output>
          </reporter-output>
        </test-method> <!-- tearDown -->
        <test-method signature="testReg013(org.testng.ITestContext)[pri:0, instance:com.smartfund.tests.AuthorizationAndProfileTests@a9cd3b1]" started-at="2026-08-06T11:50:00 IST" name="testReg013" description="TC_REG_013: Verify registration SQL injection input handling" finished-at="2026-08-06T11:50:00 IST" duration-ms="1" status="PASS">
          <params>
            <param index="0">
              <value>
                <![CDATA[org.testng.TestRunner@1d0a3d74]]>
              </value>
            </param>
          </params>
          <reporter-output>
          </reporter-output>
        </test-method> <!-- testReg013 -->
        <test-method is-config="true" signature="setUp(org.testng.ITestContext)[pri:0, instance:com.smartfund.tests.AuthorizationAndProfileTests@a9cd3b1]" started-at="2026-08-06T11:50:00 IST" name="setUp" finished-at="2026-08-06T11:50:00 IST" duration-ms="0" status="PASS">
          <params>
            <param index="0">
              <value>
                <![CDATA[org.testng.TestRunner@1d0a3d74]]>
              </value>
            </param>
          </params>
          <reporter-output>
          </reporter-output>
        </test-method> <!-- setUp -->
        <test-method is-config="true" signature="tearDown()[pri:0, instance:com.smartfund.tests.AuthorizationAndProfileTests@a9cd3b1]" started-at="2026-08-06T11:50:00 IST" name="tearDown" finished-at="2026-08-06T11:50:00 IST" duration-ms="0" status="PASS">
          <reporter-output>
          </reporter-output>
        </test-method> <!-- tearDown -->
        <test-method signature="testReg014(org.testng.ITestContext)[pri:0, instance:com.smartfund.tests.AuthorizationAndProfileTests@a9cd3b1]" started-at="2026-08-06T11:50:00 IST" name="testReg014" description="TC_REG_014: Verify registration XSS sanitization" finished-at="2026-08-06T11:50:00 IST" duration-ms="0" status="PASS">
          <params>
            <param index="0">
              <value>
                <![CDATA[org.testng.TestRunner@1d0a3d74]]>
              </value>
            </param>
          </params>
          <reporter-output>
          </reporter-output>
        </test-method> <!-- testReg014 -->
        <test-method is-config="true" signature="setUp(org.testng.ITestContext)[pri:0, instance:com.smartfund.tests.AuthorizationAndProfileTests@a9cd3b1]" started-at="2026-08-06T11:50:00 IST" name="setUp" finished-at="2026-08-06T11:50:00 IST" duration-ms="0" status="PASS">
          <params>
            <param index="0">
              <value>
                <![CDATA[org.testng.TestRunner@1d0a3d74]]>
              </value>
            </param>
          </params>
          <reporter-output>
          </reporter-output>
        </test-method> <!-- setUp -->
        <test-method is-config="true" signature="setUp(org.testng.ITestContext)[pri:0, instance:com.smartfund.tests.AuthorizationAndProfileTests@a9cd3b1]" started-at="2026-08-06T11:50:00 IST" name="setUp" finished-at="2026-08-06T11:50:00 IST" duration-ms="1" status="PASS">
          <params>
            <param index="0">
              <value>
                <![CDATA[org.testng.TestRunner@1d0a3d74]]>
              </value>
            </param>
          </params>
          <reporter-output>
          </reporter-output>
        </test-method> <!-- setUp -->
        <test-method is-config="true" signature="tearDown()[pri:0, instance:com.smartfund.tests.AuthorizationAndProfileTests@a9cd3b1]" started-at="2026-08-06T11:50:00 IST" name="tearDown" finished-at="2026-08-06T11:50:00 IST" duration-ms="0" status="PASS">
          <reporter-output>
          </reporter-output>
        </test-method> <!-- tearDown -->
        <test-method signature="testReg015(org.testng.ITestContext)[pri:0, instance:com.smartfund.tests.AuthorizationAndProfileTests@a9cd3b1]" started-at="2026-08-06T11:50:00 IST" name="testReg015" description="TC_REG_015: Verify Google signup integration" finished-at="2026-08-06T11:50:00 IST" duration-ms="0" status="PASS">
          <params>
            <param index="0">
              <value>
                <![CDATA[org.testng.TestRunner@1d0a3d74]]>
              </value>
            </param>
          </params>
          <reporter-output>
          </reporter-output>
        </test-method> <!-- testReg015 -->
        <test-method is-config="true" signature="setUp(org.testng.ITestContext)[pri:0, instance:com.smartfund.tests.AuthorizationAndProfileTests@a9cd3b1]" started-at="2026-08-06T11:50:00 IST" name="setUp" finished-at="2026-08-06T11:50:00 IST" duration-ms="0" status="PASS">
          <params>
            <param index="0">
              <value>
                <![CDATA[org.testng.TestRunner@1d0a3d74]]>
              </value>
            </param>
          </params>
          <reporter-output>
          </reporter-output>
        </test-method> <!-- setUp -->
        <test-method is-config="true" signature="tearDown()[pri:0, instance:com.smartfund.tests.AuthorizationAndProfileTests@a9cd3b1]" started-at="2026-08-06T11:50:00 IST" name="tearDown" finished-at="2026-08-06T11:50:00 IST" duration-ms="0" status="PASS">
          <reporter-output>
          </reporter-output>
        </test-method> <!-- tearDown -->
        <test-method signature="testReg016(org.testng.ITestContext)[pri:0, instance:com.smartfund.tests.AuthorizationAndProfileTests@a9cd3b1]" started-at="2026-08-06T11:50:00 IST" name="testReg016" description="TC_REG_016: Verify Apple signup integration" finished-at="2026-08-06T11:50:00 IST" duration-ms="0" status="PASS">
          <params>
            <param index="0">
              <value>
                <![CDATA[org.testng.TestRunner@1d0a3d74]]>
              </value>
            </param>
          </params>
          <reporter-output>
          </reporter-output>
        </test-method> <!-- testReg016 -->
        <test-method is-config="true" signature="tearDown()[pri:0, instance:com.smartfund.tests.AuthorizationAndProfileTests@a9cd3b1]" started-at="2026-08-06T11:50:00 IST" name="tearDown" finished-at="2026-08-06T11:50:00 IST" duration-ms="0" status="PASS">
          <reporter-output>
          </reporter-output>
        </test-method> <!-- tearDown -->
        <test-method signature="testReg017(org.testng.ITestContext)[pri:0, instance:com.smartfund.tests.AuthorizationAndProfileTests@a9cd3b1]" started-at="2026-08-06T11:50:00 IST" name="testReg017" description="TC_REG_017: Verify initial default user settings created" finished-at="2026-08-06T11:50:00 IST" duration-ms="0" status="PASS">
          <params>
            <param index="0">
              <value>
                <![CDATA[org.testng.TestRunner@1d0a3d74]]>
              </value>
            </param>
          </params>
          <reporter-output>
          </reporter-output>
        </test-method> <!-- testReg017 -->
        <test-method is-config="true" signature="setUp(org.testng.ITestContext)[pri:0, instance:com.smartfund.tests.AuthorizationAndProfileTests@a9cd3b1]" started-at="2026-08-06T11:50:00 IST" name="setUp" finished-at="2026-08-06T11:50:00 IST" duration-ms="0" status="PASS">
          <params>
            <param index="0">
              <value>
                <![CDATA[org.testng.TestRunner@1d0a3d74]]>
              </value>
            </param>
          </params>
          <reporter-output>
          </reporter-output>
        </test-method> <!-- setUp -->
        <test-method is-config="true" signature="tearDown()[pri:0, instance:com.smartfund.tests.AuthorizationAndProfileTests@a9cd3b1]" started-at="2026-08-06T11:50:00 IST" name="tearDown" finished-at="2026-08-06T11:50:00 IST" duration-ms="0" status="PASS">
          <reporter-output>
          </reporter-output>
        </test-method> <!-- tearDown -->
        <test-method signature="testReg018(org.testng.ITestContext)[pri:0, instance:com.smartfund.tests.AuthorizationAndProfileTests@a9cd3b1]" started-at="2026-08-06T11:50:00 IST" name="testReg018" description="TC_REG_018: Verify initial default currency selection" finished-at="2026-08-06T11:50:00 IST" duration-ms="0" status="PASS">
          <params>
            <param index="0">
              <value>
                <![CDATA[org.testng.TestRunner@1d0a3d74]]>
              </value>
            </param>
          </params>
          <reporter-output>
          </reporter-output>
        </test-method> <!-- testReg018 -->
        <test-method is-config="true" signature="setUp(org.testng.ITestContext)[pri:0, instance:com.smartfund.tests.AuthorizationAndProfileTests@a9cd3b1]" started-at="2026-08-06T11:50:00 IST" name="setUp" finished-at="2026-08-06T11:50:00 IST" duration-ms="1" status="PASS">
          <params>
            <param index="0">
              <value>
                <![CDATA[org.testng.TestRunner@1d0a3d74]]>
              </value>
            </param>
          </params>
          <reporter-output>
          </reporter-output>
        </test-method> <!-- setUp -->
        <test-method is-config="true" signature="tearDown()[pri:0, instance:com.smartfund.tests.AuthorizationAndProfileTests@a9cd3b1]" started-at="2026-08-06T11:50:00 IST" name="tearDown" finished-at="2026-08-06T11:50:00 IST" duration-ms="0" status="PASS">
          <reporter-output>
          </reporter-output>
        </test-method> <!-- tearDown -->
        <test-method is-config="true" signature="setUp(org.testng.ITestContext)[pri:0, instance:com.smartfund.tests.AuthorizationAndProfileTests@a9cd3b1]" started-at="2026-08-06T11:50:00 IST" name="setUp" finished-at="2026-08-06T11:50:00 IST" duration-ms="0" status="PASS">
          <params>
            <param index="0">
              <value>
                <![CDATA[org.testng.TestRunner@1d0a3d74]]>
              </value>
            </param>
          </params>
          <reporter-output>
          </reporter-output>
        </test-method> <!-- setUp -->
        <test-method signature="testReg019(org.testng.ITestContext)[pri:0, instance:com.smartfund.tests.AuthorizationAndProfileTests@a9cd3b1]" started-at="2026-08-06T11:50:00 IST" name="testReg019" description="TC_REG_019: Verify onboarding walkthrough after registration" finished-at="2026-08-06T11:50:00 IST" duration-ms="0" status="PASS">
          <params>
            <param index="0">
              <value>
                <![CDATA[org.testng.TestRunner@1d0a3d74]]>
              </value>
            </param>
          </params>
          <reporter-output>
          </reporter-output>
        </test-method> <!-- testReg019 -->
        <test-method is-config="true" signature="tearDown()[pri:0, instance:com.smartfund.tests.AuthorizationAndProfileTests@a9cd3b1]" started-at="2026-08-06T11:50:00 IST" name="tearDown" finished-at="2026-08-06T11:50:00 IST" duration-ms="0" status="PASS">
          <reporter-output>
          </reporter-output>
        </test-method> <!-- tearDown -->
        <test-method is-config="true" signature="tearDown()[pri:0, instance:com.smartfund.tests.AuthorizationAndProfileTests@a9cd3b1]" started-at="2026-08-06T11:50:00 IST" name="tearDown" finished-at="2026-08-06T11:50:00 IST" duration-ms="0" status="PASS">
          <reporter-output>
          </reporter-output>
        </test-method> <!-- tearDown -->
        <test-method signature="testReg020(org.testng.ITestContext)[pri:0, instance:com.smartfund.tests.AuthorizationAndProfileTests@a9cd3b1]" started-at="2026-08-06T11:50:00 IST" name="testReg020" description="TC_REG_020: Verify automatic login post successful registration" finished-at="2026-08-06T11:50:00 IST" duration-ms="1" status="PASS">
          <params>
            <param index="0">
              <value>
                <![CDATA[org.testng.TestRunner@1d0a3d74]]>
              </value>
            </param>
          </params>
          <reporter-output>
          </reporter-output>
        </test-method> <!-- testReg020 -->
        <test-method is-config="true" signature="setUp(org.testng.ITestContext)[pri:0, instance:com.smartfund.tests.AuthorizationAndProfileTests@a9cd3b1]" started-at="2026-08-06T11:50:00 IST" name="setUp" finished-at="2026-08-06T11:50:00 IST" duration-ms="0" status="PASS">
          <params>
            <param index="0">
              <value>
                <![CDATA[org.testng.TestRunner@1d0a3d74]]>
              </value>
            </param>
          </params>
          <reporter-output>
          </reporter-output>
        </test-method> <!-- setUp -->
        <test-method is-config="true" signature="tearDown()[pri:0, instance:com.smartfund.tests.AuthorizationAndProfileTests@a9cd3b1]" started-at="2026-08-06T11:50:00 IST" name="tearDown" finished-at="2026-08-06T11:50:00 IST" duration-ms="0" status="PASS">
          <reporter-output>
          </reporter-output>
        </test-method> <!-- tearDown -->
      </class> <!-- com.smartfund.tests.AuthorizationAndProfileTests -->
    </test> <!-- Appium & Selenium E2E Automation Tests -->
  </suite> <!-- SmartFund Management Enterprise E2E Test Suite -->
</testng-results>
