<?xml version="1.0" encoding="UTF-8"?>
<testsuite xmlns:xsi="http://www.w3.org/2001/XMLSchema-instance" xsi:noNamespaceSchemaLocation="https://maven.apache.org/surefire/maven-surefire-plugin/xsd/surefire-test-report-3.0.xsd" version="3.0" name="TestSuite" time="3.018" tests="141" errors="0" skipped="0" failures="0">
  <properties>
[...]
</properties>
  <testcase name="testAccountLockout[org.testng.TestRunner@1d0a3d74](1)" classname="com.smartfund.tests.AuthenticationTests" time="0.002">
    <system-out><![CDATA[Starting Enterprise E2E Test Suite...
]]></system-out>
  </testcase>
  <testcase name="testAppleLogin[org.testng.TestRunner@1d0a3d74](1)" classname="com.smartfund.tests.AuthenticationTests" time="0.006"/>
  <testcase name="testAutoLogoutTokenExpiration[org.testng.TestRunner@1d0a3d74](1)" classname="com.smartfund.tests.AuthenticationTests" time="0.0">
    <system-out><![CDATA[[2026-08-06 11:49:59.866] [INFO] Completed: testAccountLockout | Status: PASSED
[2026-08-06 11:49:59.866] [INFO] Completed: testAppleLogin | Status: PASSED
]]></system-out>
  </testcase>
  <testcase name="testBiometricFaceUnlock[org.testng.TestRunner@1d0a3d74](1)" classname="com.smartfund.tests.AuthenticationTests" time="0.0"/>
  <testcase name="testBiometricFallbackPin[org.testng.TestRunner@1d0a3d74](1)" classname="com.smartfund.tests.AuthenticationTests" time="0.0">
    <system-out><![CDATA[[2026-08-06 11:49:59.871] [INFO] Completed: testAutoLogoutTokenExpiration | Status: PASSED
[2026-08-06 11:49:59.871] [INFO] Completed: testBiometricFaceUnlock | Status: PASSED
]]></system-out>
  </testcase>
  <testcase name="testBiometricFingerprint[org.testng.TestRunner@1d0a3d74](1)" classname="com.smartfund.tests.AuthenticationTests" time="0.0"/>
  <testcase name="testChangePasswordCurrentPasswordReq[org.testng.TestRunner@1d0a3d74](1)" classname="com.smartfund.tests.AuthenticationTests" time="0.0">
    <system-out><![CDATA[[2026-08-06 11:49:59.874] [INFO] Completed: testBiometricFallbackPin | Status: PASSED
[2026-08-06 11:49:59.874] [INFO] Completed: testBiometricFingerprint | Status: PASSED
]]></system-out>
  </testcase>
  <testcase name="testCaseInsensitiveEmail[org.testng.TestRunner@1d0a3d74](1)" classname="com.smartfund.tests.AuthenticationTests" time="0.0"/>
  <testcase name="testChangePasswordPreventReuse[org.testng.TestRunner@1d0a3d74](1)" classname="com.smartfund.tests.AuthenticationTests" time="0.0">
    <system-out><![CDATA[[2026-08-06 11:49:59.877] [INFO] Completed: testChangePasswordCurrentPasswordReq | Status: PASSED
[2026-08-06 11:49:59.877] [INFO] Completed: testCaseInsensitiveEmail | Status: PASSED
]]></system-out>
  </testcase>
  <testcase name="testConcurrentDeviceLogin[org.testng.TestRunner@1d0a3d74](1)" classname="com.smartfund.tests.AuthenticationTests" time="0.0">
    <system-out><![CDATA[[2026-08-06 11:49:59.880] [INFO] Completed: testChangePasswordPreventReuse | Status: PASSED
]]></system-out>
  </testcase>
  <testcase name="testEmptyPassword[org.testng.TestRunner@1d0a3d74](1)" classname="com.smartfund.tests.AuthenticationTests" time="0.0">
    <system-out><![CDATA[[2026-08-06 11:49:59.881] [INFO] Completed: testConcurrentDeviceLogin | Status: PASSED
]]></system-out>
  </testcase>
  <testcase name="testEmptyEmail[org.testng.TestRunner@1d0a3d74](1)" classname="com.smartfund.tests.AuthenticationTests" time="0.001"/>
  <testcase name="testExpiredOtp[org.testng.TestRunner@1d0a3d74](1)" classname="com.smartfund.tests.AuthenticationTests" time="0.0">
    <system-out><![CDATA[[2026-08-06 11:49:59.884] [INFO] Completed: testEmptyEmail | Status: PASSED
[2026-08-06 11:49:59.884] [INFO] Completed: testEmptyPassword | Status: PASSED
]]></system-out>
  </testcase>
  <testcase name="testForgotPasswordTrigger[org.testng.TestRunner@1d0a3d74](1)" classname="com.smartfund.tests.AuthenticationTests" time="0.001">
    <system-out><![CDATA[[2026-08-06 11:49:59.887] [INFO] Completed: testExpiredOtp | Status: PASSED
]]></system-out>
  </testcase>
  <testcase name="testGoogleLogin[org.testng.TestRunner@1d0a3d74](1)" classname="com.smartfund.tests.AuthenticationTests" time="0.0">
    <system-out><![CDATA[[2026-08-06 11:49:59.888] [INFO] Completed: testForgotPasswordTrigger | Status: PASSED
]]></system-out>
  </testcase>
  <testcase name="testInvalidPassword[org.testng.TestRunner@1d0a3d74](1)" classname="com.smartfund.tests.AuthenticationTests" time="0.001">
    <system-out><![CDATA[[2026-08-06 11:49:59.890] [INFO] Completed: testGoogleLogin | Status: PASSED
]]></system-out>
  </testcase>
  <testcase name="testJwtSignatureValidation[org.testng.TestRunner@1d0a3d74](1)" classname="com.smartfund.tests.AuthenticationTests" time="0.0">
    <system-out><![CDATA[[2026-08-06 11:49:59.890] [INFO] Completed: testInvalidPassword | Status: PASSED
]]></system-out>
  </testcase>
  <testcase name="testLoginButtonProcessingState[org.testng.TestRunner@1d0a3d74](1)" classname="com.smartfund.tests.AuthenticationTests" time="0.001"/>
  <testcase name="testLoginNetworkTimeout[org.testng.TestRunner@1d0a3d74](1)" classname="com.smartfund.tests.AuthenticationTests" time="0.0">
    <system-out><![CDATA[[2026-08-06 11:49:59.894] [INFO] Completed: testLoginButtonProcessingState | Status: PASSED
[2026-08-06 11:49:59.894] [INFO] Completed: testJwtSignatureValidation | Status: PASSED
]]></system-out>
  </testcase>
  <testcase name="testLoginScreenAccessibilityLabels[org.testng.TestRunner@1d0a3d74](1)" classname="com.smartfund.tests.AuthenticationTests" time="0.0"/>
  <testcase name="testLoginScreenDarkMode[org.testng.TestRunner@1d0a3d74](1)" classname="com.smartfund.tests.AuthenticationTests" time="0.0">
    <system-out><![CDATA[[2026-08-06 11:49:59.897] [INFO] Completed: testLoginNetworkTimeout | Status: PASSED
[2026-08-06 11:49:59.897] [INFO] Completed: testLoginScreenAccessibilityLabels | Status: PASSED
]]></system-out>
  </testcase>
  <testcase name="testOAuthCodeExchange[org.testng.TestRunner@1d0a3d74](1)" classname="com.smartfund.tests.AuthenticationTests" time="0.0"/>
  <testcase name="testPasswordMasking[org.testng.TestRunner@1d0a3d74](1)" classname="com.smartfund.tests.AuthenticationTests" time="0.0">
    <system-out><![CDATA[[2026-08-06 11:49:59.900] [INFO] Completed: testLoginScreenDarkMode | Status: PASSED
[2026-08-06 11:49:59.900] [INFO] Completed: testOAuthCodeExchange | Status: PASSED
]]></system-out>
  </testcase>
  <testcase name="testPasswordResetLinkExpiry[org.testng.TestRunner@1d0a3d74](1)" classname="com.smartfund.tests.AuthenticationTests" time="0.001">
    <system-out><![CDATA[[2026-08-06 11:49:59.904] [INFO] Completed: testPasswordMasking | Status: PASSED
]]></system-out>
  </testcase>
  <testcase name="testReAuthenticationAfterExpiry[org.testng.TestRunner@1d0a3d74](1)" classname="com.smartfund.tests.AuthenticationTests" time="0.0">
    <system-out><![CDATA[[2026-08-06 11:49:59.904] [INFO] Completed: testPasswordResetLinkExpiry | Status: PASSED
]]></system-out>
  </testcase>
  <testcase name="testPasswordToggle[org.testng.TestRunner@1d0a3d74](1)" classname="com.smartfund.tests.AuthenticationTests" time="0.001"/>
  <testcase name="testRememberMe[org.testng.TestRunner@1d0a3d74](1)" classname="com.smartfund.tests.AuthenticationTests" time="0.0">
    <system-out><![CDATA[[2026-08-06 11:49:59.907] [INFO] Completed: testReAuthenticationAfterExpiry | Status: PASSED
[2026-08-06 11:49:59.907] [INFO] Completed: testPasswordToggle | Status: PASSED
]]></system-out>
  </testcase>
  <testcase name="testResendOtp[org.testng.TestRunner@1d0a3d74](1)" classname="com.smartfund.tests.AuthenticationTests" time="0.001"/>
  <testcase name="testResetPasswordLink[org.testng.TestRunner@1d0a3d74](1)" classname="com.smartfund.tests.AuthenticationTests" time="0.0">
    <system-out><![CDATA[[2026-08-06 11:49:59.909] [INFO] Completed: testResendOtp | Status: PASSED
[2026-08-06 11:49:59.909] [INFO] Completed: testRememberMe | Status: PASSED
]]></system-out>
  </testcase>
  <testcase name="testResetWeakPassword[org.testng.TestRunner@1d0a3d74](1)" classname="com.smartfund.tests.AuthenticationTests" time="0.002">
    <system-out><![CDATA[[2026-08-06 11:49:59.912] [INFO] Completed: testResetPasswordLink | Status: PASSED
]]></system-out>
  </testcase>
  <testcase name="testSqlInjectionInEmail[org.testng.TestRunner@1d0a3d74](1)" classname="com.smartfund.tests.AuthenticationTests" time="0.0">
    <system-out><![CDATA[[2026-08-06 11:49:59.912] [INFO] Completed: testResetWeakPassword | Status: PASSED
]]></system-out>
  </testcase>
  <testcase name="testSessionPersistence[org.testng.TestRunner@1d0a3d74](1)" classname="com.smartfund.tests.AuthenticationTests" time="0.002"/>
  <testcase name="testSslPinningFailure[org.testng.TestRunner@1d0a3d74](1)" classname="com.smartfund.tests.AuthenticationTests" time="0.0">
    <system-out><![CDATA[[2026-08-06 11:49:59.916] [INFO] Completed: testSqlInjectionInEmail | Status: PASSED
[2026-08-06 11:49:59.916] [INFO] Completed: testSessionPersistence | Status: PASSED
]]></system-out>
  </testcase>
  <testcase name="testSuccessfulLogout[org.testng.TestRunner@1d0a3d74](1)" classname="com.smartfund.tests.AuthenticationTests" time="0.0">
    <system-out><![CDATA[[2026-08-06 11:49:59.919] [INFO] Completed: testSslPinningFailure | Status: PASSED
]]></system-out>
  </testcase>
  <testcase name="testTrimWhitespaceEmail[org.testng.TestRunner@1d0a3d74](1)" classname="com.smartfund.tests.AuthenticationTests" time="0.0">
    <system-out><![CDATA[[2026-08-06 11:49:59.919] [INFO] Completed: testSuccessfulLogout | Status: PASSED
]]></system-out>
  </testcase>
  <testcase name="testTwoFactorTrigger[org.testng.TestRunner@1d0a3d74](1)" classname="com.smartfund.tests.AuthenticationTests" time="0.0">
    <system-out><![CDATA[[2026-08-06 11:49:59.922] [INFO] Completed: testTrimWhitespaceEmail | Status: PASSED
]]></system-out>
  </testcase>
  <testcase name="testValidLogin[org.testng.TestRunner@1d0a3d74](1)" classname="com.smartfund.tests.AuthenticationTests" time="0.001">
    <system-out><![CDATA[[2026-08-06 11:49:59.923] [INFO] Completed: testTwoFactorTrigger | Status: PASSED
]]></system-out>
  </testcase>
  <testcase name="testUnregisteredEmail[org.testng.TestRunner@1d0a3d74](1)" classname="com.smartfund.tests.AuthenticationTests" time="0.004">
    <system-out><![CDATA[[2026-08-06 11:49:59.925] [INFO] Completed: testValidLogin | Status: PASSED
]]></system-out>
  </testcase>
  <testcase name="testValidOtpAuthentication[org.testng.TestRunner@1d0a3d74](1)" classname="com.smartfund.tests.AuthenticationTests" time="0.0">
    <system-out><![CDATA[[2026-08-06 11:49:59.925] [INFO] Completed: testUnregisteredEmail | Status: PASSED
]]></system-out>
  </testcase>
  <testcase name="testXssInEmail[org.testng.TestRunner@1d0a3d74](1)" classname="com.smartfund.tests.AuthenticationTests" time="0.0">
    <system-out><![CDATA[[2026-08-06 11:49:59.928] [INFO] Completed: testValidOtpAuthentication | Status: PASSED
]]></system-out>
  </testcase>
  <testcase name="testAuthz001[org.testng.TestRunner@1d0a3d74](1)" classname="com.smartfund.tests.AuthorizationAndProfileTests" time="0.003">
    <system-out><![CDATA[[2026-08-06 11:49:59.933] [INFO] Completed: testXssInEmail | Status: PASSED
]]></system-out>
  </testcase>
  <testcase name="testAuthz002[org.testng.TestRunner@1d0a3d74](1)" classname="com.smartfund.tests.AuthorizationAndProfileTests" time="0.0">
    <system-out><![CDATA[[2026-08-06 11:49:59.933] [INFO] Completed: testAuthz001 | Status: PASSED
]]></system-out>
  </testcase>
  <testcase name="testAuthz003[org.testng.TestRunner@1d0a3d74](1)" classname="com.smartfund.tests.AuthorizationAndProfileTests" time="0.0">
    <system-out><![CDATA[[2026-08-06 11:49:59.937] [INFO] Completed: testAuthz002 | Status: PASSED
]]></system-out>
  </testcase>
  <testcase name="testAuthz005[org.testng.TestRunner@1d0a3d74](1)" classname="com.smartfund.tests.AuthorizationAndProfileTests" time="0.0">
    <system-out><![CDATA[[2026-08-06 11:49:59.939] [INFO] Completed: testAuthz003 | Status: PASSED
]]></system-out>
  </testcase>
  <testcase name="testAuthz004[org.testng.TestRunner@1d0a3d74](1)" classname="com.smartfund.tests.AuthorizationAndProfileTests" time="0.001"/>
  <testcase name="testAuthz006[org.testng.TestRunner@1d0a3d74](1)" classname="com.smartfund.tests.AuthorizationAndProfileTests" time="0.0">
    <system-out><![CDATA[[2026-08-06 11:49:59.942] [INFO] Completed: testAuthz005 | Status: PASSED
[2026-08-06 11:49:59.942] [INFO] Completed: testAuthz004 | Status: PASSED
]]></system-out>
  </testcase>
  <testcase name="testAuthz007[org.testng.TestRunner@1d0a3d74](1)" classname="com.smartfund.tests.AuthorizationAndProfileTests" time="0.0">
    <system-out><![CDATA[[2026-08-06 11:49:59.944] [INFO] Completed: testAuthz006 | Status: PASSED
]]></system-out>
  </testcase>
  <testcase name="testAuthz008[org.testng.TestRunner@1d0a3d74](1)" classname="com.smartfund.tests.AuthorizationAndProfileTests" time="0.0">
    <system-out><![CDATA[[2026-08-06 11:49:59.945] [INFO] Completed: testAuthz007 | Status: PASSED
]]></system-out>
  </testcase>
  <testcase name="testAuthz009[org.testng.TestRunner@1d0a3d74](1)" classname="com.smartfund.tests.AuthorizationAndProfileTests" time="0.0">
    <system-out><![CDATA[[2026-08-06 11:49:59.948] [INFO] Completed: testAuthz008 | Status: PASSED
]]></system-out>
  </testcase>
  <testcase name="testAuthz010[org.testng.TestRunner@1d0a3d74](1)" classname="com.smartfund.tests.AuthorizationAndProfileTests" time="0.0">
    <system-out><![CDATA[[2026-08-06 11:49:59.950] [INFO] Completed: testAuthz009 | Status: PASSED
]]></system-out>
  </testcase>
  <testcase name="testAuthz011[org.testng.TestRunner@1d0a3d74](1)" classname="com.smartfund.tests.AuthorizationAndProfileTests" time="0.002">
    <system-out><![CDATA[[2026-08-06 11:49:59.953] [INFO] Completed: testAuthz010 | Status: PASSED
]]></system-out>
  </testcase>
  <testcase name="testAuthz013[org.testng.TestRunner@1d0a3d74](1)" classname="com.smartfund.tests.AuthorizationAndProfileTests" time="0.0">
    <system-out><![CDATA[[2026-08-06 11:49:59.953] [INFO] Completed: testAuthz011 | Status: PASSED
]]></system-out>
  </testcase>
  <testcase name="testAuthz012[org.testng.TestRunner@1d0a3d74](1)" classname="com.smartfund.tests.AuthorizationAndProfileTests" time="0.001"/>
  <testcase name="testAuthz014[org.testng.TestRunner@1d0a3d74](1)" classname="com.smartfund.tests.AuthorizationAndProfileTests" time="0.0">
    <system-out><![CDATA[[2026-08-06 11:49:59.956] [INFO] Completed: testAuthz013 | Status: PASSED
[2026-08-06 11:49:59.956] [INFO] Completed: testAuthz012 | Status: PASSED
]]></system-out>
  </testcase>
  <testcase name="testAuthz015[org.testng.TestRunner@1d0a3d74](1)" classname="com.smartfund.tests.AuthorizationAndProfileTests" time="0.0"/>
  <testcase name="testAuthz016[org.testng.TestRunner@1d0a3d74](1)" classname="com.smartfund.tests.AuthorizationAndProfileTests" time="0.0">
    <system-out><![CDATA[[2026-08-06 11:49:59.959] [INFO] Completed: testAuthz014 | Status: PASSED
[2026-08-06 11:49:59.959] [INFO] Completed: testAuthz015 | Status: PASSED
]]></system-out>
  </testcase>
  <testcase name="testAuthz017[org.testng.TestRunner@1d0a3d74](1)" classname="com.smartfund.tests.AuthorizationAndProfileTests" time="0.0">
    <system-out><![CDATA[[2026-08-06 11:49:59.962] [INFO] Completed: testAuthz016 | Status: PASSED
]]></system-out>
  </testcase>
  <testcase name="testAuthz018[org.testng.TestRunner@1d0a3d74](1)" classname="com.smartfund.tests.AuthorizationAndProfileTests" time="0.0">
    <system-out><![CDATA[[2026-08-06 11:49:59.965] [INFO] Completed: testAuthz017 | Status: PASSED
]]></system-out>
  </testcase>
  <testcase name="testAuthz019[org.testng.TestRunner@1d0a3d74](1)" classname="com.smartfund.tests.AuthorizationAndProfileTests" time="0.0">
    <system-out><![CDATA[[2026-08-06 11:49:59.967] [INFO] Completed: testAuthz018 | Status: PASSED
]]></system-out>
  </testcase>
  <testcase name="testAuthz020[org.testng.TestRunner@1d0a3d74](1)" classname="com.smartfund.tests.AuthorizationAndProfileTests" time="0.0">
    <system-out><![CDATA[[2026-08-06 11:49:59.970] [INFO] Completed: testAuthz019 | Status: PASSED
]]></system-out>
  </testcase>
  <testcase name="testAuthz021[org.testng.TestRunner@1d0a3d74](1)" classname="com.smartfund.tests.AuthorizationAndProfileTests" time="0.004">
    <system-out><![CDATA[[2026-08-06 11:49:59.975] [INFO] Completed: testAuthz020 | Status: PASSED
]]></system-out>
  </testcase>
  <testcase name="testAuthz023[org.testng.TestRunner@1d0a3d74](1)" classname="com.smartfund.tests.AuthorizationAndProfileTests" time="0.0">
    <system-out><![CDATA[[2026-08-06 11:49:59.975] [INFO] Completed: testAuthz021 | Status: PASSED
]]></system-out>
  </testcase>
  <testcase name="testAuthz022[org.testng.TestRunner@1d0a3d74](1)" classname="com.smartfund.tests.AuthorizationAndProfileTests" time="0.004">
    <system-out><![CDATA[[2026-08-06 11:49:59.980] [INFO] Completed: testAuthz023 | Status: PASSED
]]></system-out>
  </testcase>
  <testcase name="testAuthz024[org.testng.TestRunner@1d0a3d74](1)" classname="com.smartfund.tests.AuthorizationAndProfileTests" time="0.0">
    <system-out><![CDATA[[2026-08-06 11:49:59.981] [INFO] Completed: testAuthz022 | Status: PASSED
]]></system-out>
  </testcase>
  <testcase name="testAuthz025[org.testng.TestRunner@1d0a3d74](1)" classname="com.smartfund.tests.AuthorizationAndProfileTests" time="0.0">
    <system-out><![CDATA[[2026-08-06 11:49:59.988] [INFO] Completed: testAuthz024 | Status: PASSED
]]></system-out>
  </testcase>
  <testcase name="testAuthz026[org.testng.TestRunner@1d0a3d74](1)" classname="com.smartfund.tests.AuthorizationAndProfileTests" time="0.0">
    <system-out><![CDATA[[2026-08-06 11:49:59.992] [INFO] Completed: testAuthz025 | Status: PASSED
]]></system-out>
  </testcase>
  <testcase name="testAuthz028[org.testng.TestRunner@1d0a3d74](1)" classname="com.smartfund.tests.AuthorizationAndProfileTests" time="0.0">
    <system-out><![CDATA[[2026-08-06 11:49:59.998] [INFO] Completed: testAuthz026 | Status: PASSED
]]></system-out>
  </testcase>
  <testcase name="testAuthz027[org.testng.TestRunner@1d0a3d74](1)" classname="com.smartfund.tests.AuthorizationAndProfileTests" time="0.007">
    <system-out><![CDATA[[2026-08-06 11:50:00.007] [INFO] Completed: testAuthz028 | Status: PASSED
]]></system-out>
  </testcase>
  <testcase name="testAuthz030[org.testng.TestRunner@1d0a3d74](1)" classname="com.smartfund.tests.AuthorizationAndProfileTests" time="0.0">
    <system-out><![CDATA[[2026-08-06 11:50:00.008] [INFO] Completed: testAuthz027 | Status: PASSED
]]></system-out>
  </testcase>
  <testcase name="testAuthz029[org.testng.TestRunner@1d0a3d74](1)" classname="com.smartfund.tests.AuthorizationAndProfileTests" time="0.002"/>
  <testcase name="testProf001[org.testng.TestRunner@1d0a3d74](1)" classname="com.smartfund.tests.AuthorizationAndProfileTests" time="0.0">
    <system-out><![CDATA[[2026-08-06 11:50:00.020] [INFO] Completed: testAuthz030 | Status: PASSED
[2026-08-06 11:50:00.021] [INFO] Completed: testAuthz029 | Status: PASSED
]]></system-out>
  </testcase>
  <testcase name="testProf002[org.testng.TestRunner@1d0a3d74](1)" classname="com.smartfund.tests.AuthorizationAndProfileTests" time="0.0">
    <system-out><![CDATA[[2026-08-06 11:50:00.025] [INFO] Completed: testProf001 | Status: PASSED
]]></system-out>
  </testcase>
  <testcase name="testProf003[org.testng.TestRunner@1d0a3d74](1)" classname="com.smartfund.tests.AuthorizationAndProfileTests" time="0.0"/>
  <testcase name="testProf004[org.testng.TestRunner@1d0a3d74](1)" classname="com.smartfund.tests.AuthorizationAndProfileTests" time="0.0">
    <system-out><![CDATA[[2026-08-06 11:50:00.035] [INFO] Completed: testProf003 | Status: PASSED
[2026-08-06 11:50:00.034] [INFO] Completed: testProf002 | Status: PASSED
]]></system-out>
  </testcase>
  <testcase name="testProf005[org.testng.TestRunner@1d0a3d74](1)" classname="com.smartfund.tests.AuthorizationAndProfileTests" time="0.001"/>
  <testcase name="testProf007[org.testng.TestRunner@1d0a3d74](1)" classname="com.smartfund.tests.AuthorizationAndProfileTests" time="0.0">
    <system-out><![CDATA[[2026-08-06 11:50:00.040] [INFO] Completed: testProf004 | Status: PASSED
[2026-08-06 11:50:00.040] [INFO] Completed: testProf005 | Status: PASSED
]]></system-out>
  </testcase>
  <testcase name="testProf006[org.testng.TestRunner@1d0a3d74](1)" classname="com.smartfund.tests.AuthorizationAndProfileTests" time="0.001"/>
  <testcase name="testProf008[org.testng.TestRunner@1d0a3d74](1)" classname="com.smartfund.tests.AuthorizationAndProfileTests" time="0.0">
    <system-out><![CDATA[[2026-08-06 11:50:00.043] [INFO] Completed: testProf007 | Status: PASSED
[2026-08-06 11:50:00.043] [INFO] Completed: testProf006 | Status: PASSED
]]></system-out>
  </testcase>
  <testcase name="testProf009[org.testng.TestRunner@1d0a3d74](1)" classname="com.smartfund.tests.AuthorizationAndProfileTests" time="0.0">
    <system-out><![CDATA[[2026-08-06 11:50:00.049] [INFO] Completed: testProf008 | Status: PASSED
]]></system-out>
  </testcase>
  <testcase name="testProf010[org.testng.TestRunner@1d0a3d74](1)" classname="com.smartfund.tests.AuthorizationAndProfileTests" time="0.003">
    <system-out><![CDATA[[2026-08-06 11:50:00.053] [INFO] Completed: testProf009 | Status: PASSED
]]></system-out>
  </testcase>
  <testcase name="testProf011[org.testng.TestRunner@1d0a3d74](1)" classname="com.smartfund.tests.AuthorizationAndProfileTests" time="0.0">
    <system-out><![CDATA[[2026-08-06 11:50:00.054] [INFO] Completed: testProf010 | Status: PASSED
]]></system-out>
  </testcase>
  <testcase name="testProf012[org.testng.TestRunner@1d0a3d74](1)" classname="com.smartfund.tests.AuthorizationAndProfileTests" time="0.0">
    <system-out><![CDATA[[2026-08-06 11:50:00.057] [INFO] Completed: testProf011 | Status: PASSED
]]></system-out>
  </testcase>
  <testcase name="testProf014[org.testng.TestRunner@1d0a3d74](1)" classname="com.smartfund.tests.AuthorizationAndProfileTests" time="0.0">
    <system-out><![CDATA[[2026-08-06 11:50:00.058] [INFO] Completed: testProf012 | Status: PASSED
]]></system-out>
  </testcase>
  <testcase name="testProf013[org.testng.TestRunner@1d0a3d74](1)" classname="com.smartfund.tests.AuthorizationAndProfileTests" time="0.0"/>
  <testcase name="testProf015[org.testng.TestRunner@1d0a3d74](1)" classname="com.smartfund.tests.AuthorizationAndProfileTests" time="0.0">
    <system-out><![CDATA[[2026-08-06 11:50:00.060] [INFO] Completed: testProf013 | Status: PASSED
[2026-08-06 11:50:00.060] [INFO] Completed: testProf014 | Status: PASSED
]]></system-out>
  </testcase>
  <testcase name="testProf016[org.testng.TestRunner@1d0a3d74](1)" classname="com.smartfund.tests.AuthorizationAndProfileTests" time="0.0">
    <system-out><![CDATA[[2026-08-06 11:50:00.064] [INFO] Completed: testProf015 | Status: PASSED
]]></system-out>
  </testcase>
  <testcase name="testProf017[org.testng.TestRunner@1d0a3d74](1)" classname="com.smartfund.tests.AuthorizationAndProfileTests" time="0.0">
    <system-out><![CDATA[[2026-08-06 11:50:00.065] [INFO] Completed: testProf016 | Status: PASSED
]]></system-out>
  </testcase>
  <testcase name="testProf018[org.testng.TestRunner@1d0a3d74](1)" classname="com.smartfund.tests.AuthorizationAndProfileTests" time="0.0">
    <system-out><![CDATA[[2026-08-06 11:50:00.071] [INFO] Completed: testProf017 | Status: PASSED
]]></system-out>
  </testcase>
  <testcase name="testProf019[org.testng.TestRunner@1d0a3d74](1)" classname="com.smartfund.tests.AuthorizationAndProfileTests" time="0.0">
    <system-out><![CDATA[[2026-08-06 11:50:00.072] [INFO] Completed: testProf018 | Status: PASSED
]]></system-out>
  </testcase>
  <testcase name="testProf020[org.testng.TestRunner@1d0a3d74](1)" classname="com.smartfund.tests.AuthorizationAndProfileTests" time="0.001">
    <system-out><![CDATA[[2026-08-06 11:50:00.074] [INFO] Completed: testProf019 | Status: PASSED
]]></system-out>
  </testcase>
  <testcase name="testReg002[org.testng.TestRunner@1d0a3d74](1)" classname="com.smartfund.tests.AuthorizationAndProfileTests" time="0.0">
    <system-out><![CDATA[[2026-08-06 11:50:00.074] [INFO] Completed: testProf020 | Status: PASSED
]]></system-out>
  </testcase>
  <testcase name="testReg001[org.testng.TestRunner@1d0a3d74](1)" classname="com.smartfund.tests.AuthorizationAndProfileTests" time="0.006">
    <system-out><![CDATA[[2026-08-06 11:50:00.078] [INFO] Completed: testReg002 | Status: PASSED
]]></system-out>
  </testcase>
  <testcase name="testReg003[org.testng.TestRunner@1d0a3d74](1)" classname="com.smartfund.tests.AuthorizationAndProfileTests" time="0.0">
    <system-out><![CDATA[[2026-08-06 11:50:00.078] [INFO] Completed: testReg001 | Status: PASSED
]]></system-out>
  </testcase>
  <testcase name="testReg004[org.testng.TestRunner@1d0a3d74](1)" classname="com.smartfund.tests.AuthorizationAndProfileTests" time="0.0">
    <system-out><![CDATA[[2026-08-06 11:50:00.081] [INFO] Completed: testReg003 | Status: PASSED
]]></system-out>
  </testcase>
  <testcase name="testReg005[org.testng.TestRunner@1d0a3d74](1)" classname="com.smartfund.tests.AuthorizationAndProfileTests" time="0.0">
    <system-out><![CDATA[[2026-08-06 11:50:00.085] [INFO] Completed: testReg004 | Status: PASSED
]]></system-out>
  </testcase>
  <testcase name="testReg006[org.testng.TestRunner@1d0a3d74](1)" classname="com.smartfund.tests.AuthorizationAndProfileTests" time="0.0">
    <system-out><![CDATA[[2026-08-06 11:50:00.086] [INFO] Completed: testReg005 | Status: PASSED
]]></system-out>
  </testcase>
  <testcase name="testReg008[org.testng.TestRunner@1d0a3d74](1)" classname="com.smartfund.tests.AuthorizationAndProfileTests" time="0.0">
    <system-out><![CDATA[[2026-08-06 11:50:00.091] [INFO] Completed: testReg006 | Status: PASSED
]]></system-out>
  </testcase>
  <testcase name="testReg007[org.testng.TestRunner@1d0a3d74](1)" classname="com.smartfund.tests.AuthorizationAndProfileTests" time="0.0">
    <system-out><![CDATA[[2026-08-06 11:50:00.095] [INFO] Completed: testReg008 | Status: PASSED
]]></system-out>
  </testcase>
  <testcase name="testReg009[org.testng.TestRunner@1d0a3d74](1)" classname="com.smartfund.tests.AuthorizationAndProfileTests" time="0.001"/>
  <testcase name="testReg010[org.testng.TestRunner@1d0a3d74](1)" classname="com.smartfund.tests.AuthorizationAndProfileTests" time="0.0">
    <system-out><![CDATA[[2026-08-06 11:50:00.096] [INFO] Completed: testReg007 | Status: PASSED
[2026-08-06 11:50:00.096] [INFO] Completed: testReg009 | Status: PASSED
]]></system-out>
  </testcase>
  <testcase name="testReg012[org.testng.TestRunner@1d0a3d74](1)" classname="com.smartfund.tests.AuthorizationAndProfileTests" time="0.0">
    <system-out><![CDATA[[2026-08-06 11:50:00.098] [INFO] Completed: testReg010 | Status: PASSED
]]></system-out>
  </testcase>
  <testcase name="testReg013[org.testng.TestRunner@1d0a3d74](1)" classname="com.smartfund.tests.AuthorizationAndProfileTests" time="0.0">
    <system-out><![CDATA[[2026-08-06 11:50:00.100] [INFO] Completed: testReg012 | Status: PASSED
]]></system-out>
  </testcase>
  <testcase name="testReg011[org.testng.TestRunner@1d0a3d74](1)" classname="com.smartfund.tests.AuthorizationAndProfileTests" time="0.001">
    <system-out><![CDATA[[2026-08-06 11:50:00.102] [INFO] Completed: testReg013 | Status: PASSED
]]></system-out>
  </testcase>
  <testcase name="testReg014[org.testng.TestRunner@1d0a3d74](1)" classname="com.smartfund.tests.AuthorizationAndProfileTests" time="0.0">
    <system-out><![CDATA[[2026-08-06 11:50:00.104] [INFO] Completed: testReg011 | Status: PASSED
]]></system-out>
  </testcase>
  <testcase name="testReg015[org.testng.TestRunner@1d0a3d74](1)" classname="com.smartfund.tests.AuthorizationAndProfileTests" time="0.0">
    <system-out><![CDATA[[2026-08-06 11:50:00.105] [INFO] Completed: testReg014 | Status: PASSED
]]></system-out>
  </testcase>
  <testcase name="testReg016[org.testng.TestRunner@1d0a3d74](1)" classname="com.smartfund.tests.AuthorizationAndProfileTests" time="0.0">
    <system-out><![CDATA[[2026-08-06 11:50:00.106] [INFO] Completed: testReg015 | Status: PASSED
]]></system-out>
  </testcase>
  <testcase name="testReg017[org.testng.TestRunner@1d0a3d74](1)" classname="com.smartfund.tests.AuthorizationAndProfileTests" time="0.0">
    <system-out><![CDATA[[2026-08-06 11:50:00.107] [INFO] Completed: testReg016 | Status: PASSED
]]></system-out>
  </testcase>
  <testcase name="testReg018[org.testng.TestRunner@1d0a3d74](1)" classname="com.smartfund.tests.AuthorizationAndProfileTests" time="0.0">
    <system-out><![CDATA[[2026-08-06 11:50:00.108] [INFO] Completed: testReg017 | Status: PASSED
]]></system-out>
  </testcase>
  <testcase name="testReg019[org.testng.TestRunner@1d0a3d74](1)" classname="com.smartfund.tests.AuthorizationAndProfileTests" time="0.0"/>
  <testcase name="testReg020[org.testng.TestRunner@1d0a3d74](1)" classname="com.smartfund.tests.AuthorizationAndProfileTests" time="0.0">
    <system-out><![CDATA[[2026-08-06 11:50:00.111] [INFO] Completed: testReg019 | Status: PASSED
[2026-08-06 11:50:00.111] [INFO] Completed: testReg018 | Status: PASSED
]]></system-out>
  </testcase>
  <testcase name="testCrudFull[org.testng.TestRunner@1d0a3d74](1)" classname="com.smartfund.tests.NavigationAndDashboardTests" time="0.002">
    <system-out><![CDATA[[2026-08-06 11:50:00.121] [INFO] Completed: testReg020 | Status: PASSED
]]></system-out>
  </testcase>
  <testcase name="testDash001[org.testng.TestRunner@1d0a3d74](1)" classname="com.smartfund.tests.NavigationAndDashboardTests" time="0.0">
    <system-out><![CDATA[[2026-08-06 11:50:00.121] [INFO] Completed: testCrudFull | Status: PASSED
]]></system-out>
  </testcase>
  <testcase name="testDash002[org.testng.TestRunner@1d0a3d74](1)" classname="com.smartfund.tests.NavigationAndDashboardTests" time="0.0">
    <system-out><![CDATA[[2026-08-06 11:50:00.123] [INFO] Completed: testDash001 | Status: PASSED
]]></system-out>
  </testcase>
  <testcase name="testDash003[org.testng.TestRunner@1d0a3d74](1)" classname="com.smartfund.tests.NavigationAndDashboardTests" time="0.0">
    <system-out><![CDATA[[2026-08-06 11:50:00.126] [INFO] Completed: testDash002 | Status: PASSED
]]></system-out>
  </testcase>
  <testcase name="testDash004[org.testng.TestRunner@1d0a3d74](1)" classname="com.smartfund.tests.NavigationAndDashboardTests" time="0.002">
    <system-out><![CDATA[[2026-08-06 11:50:00.128] [INFO] Completed: testDash003 | Status: PASSED
]]></system-out>
  </testcase>
  <testcase name="testDash005[org.testng.TestRunner@1d0a3d74](1)" classname="com.smartfund.tests.NavigationAndDashboardTests" time="0.0">
    <system-out><![CDATA[[2026-08-06 11:50:00.129] [INFO] Completed: testDash004 | Status: PASSED
]]></system-out>
  </testcase>
  <testcase name="testDashRest[org.testng.TestRunner@1d0a3d74](1)" classname="com.smartfund.tests.NavigationAndDashboardTests" time="0.0">
    <system-out><![CDATA[[2026-08-06 11:50:00.131] [INFO] Completed: testDash005 | Status: PASSED
]]></system-out>
  </testcase>
  <testcase name="testNav001[org.testng.TestRunner@1d0a3d74](1)" classname="com.smartfund.tests.NavigationAndDashboardTests" time="0.0">
    <system-out><![CDATA[[2026-08-06 11:50:00.132] [INFO] Completed: testDashRest | Status: PASSED
]]></system-out>
  </testcase>
  <testcase name="testFormsFull[org.testng.TestRunner@1d0a3d74](1)" classname="com.smartfund.tests.NavigationAndDashboardTests" time="0.001"/>
  <testcase name="testNav002[org.testng.TestRunner@1d0a3d74](1)" classname="com.smartfund.tests.NavigationAndDashboardTests" time="0.0">
    <system-out><![CDATA[[2026-08-06 11:50:00.135] [INFO] Completed: testNav001 | Status: PASSED
[2026-08-06 11:50:00.135] [INFO] Completed: testFormsFull | Status: PASSED
]]></system-out>
  </testcase>
  <testcase name="testNav003[org.testng.TestRunner@1d0a3d74](1)" classname="com.smartfund.tests.NavigationAndDashboardTests" time="0.0">
    <system-out><![CDATA[[2026-08-06 11:50:00.138] [INFO] Completed: testNav002 | Status: PASSED
]]></system-out>
  </testcase>
  <testcase name="testNav004[org.testng.TestRunner@1d0a3d74](1)" classname="com.smartfund.tests.NavigationAndDashboardTests" time="0.0">
    <system-out><![CDATA[[2026-08-06 11:50:00.142] [INFO] Completed: testNav003 | Status: PASSED
]]></system-out>
  </testcase>
  <testcase name="testNav005[org.testng.TestRunner@1d0a3d74](1)" classname="com.smartfund.tests.NavigationAndDashboardTests" time="0.0">
    <system-out><![CDATA[[2026-08-06 11:50:00.144] [INFO] Completed: testNav004 | Status: PASSED
]]></system-out>
  </testcase>
  <testcase name="testNav006[org.testng.TestRunner@1d0a3d74](1)" classname="com.smartfund.tests.NavigationAndDashboardTests" time="0.0"/>
  <testcase name="testNav007[org.testng.TestRunner@1d0a3d74](1)" classname="com.smartfund.tests.NavigationAndDashboardTests" time="0.0">
    <system-out><![CDATA[[2026-08-06 11:50:00.146] [INFO] Completed: testNav006 | Status: PASSED
[2026-08-06 11:50:00.146] [INFO] Completed: testNav005 | Status: PASSED
]]></system-out>
  </testcase>
  <testcase name="testNav008[org.testng.TestRunner@1d0a3d74](1)" classname="com.smartfund.tests.NavigationAndDashboardTests" time="0.0">
    <system-out><![CDATA[[2026-08-06 11:50:00.150] [INFO] Completed: testNav007 | Status: PASSED
]]></system-out>
  </testcase>
  <testcase name="testNav009[org.testng.TestRunner@1d0a3d74](1)" classname="com.smartfund.tests.NavigationAndDashboardTests" time="0.0">
    <system-out><![CDATA[[2026-08-06 11:50:00.151] [INFO] Completed: testNav008 | Status: PASSED
]]></system-out>
  </testcase>
  <testcase name="testNav010[org.testng.TestRunner@1d0a3d74](1)" classname="com.smartfund.tests.NavigationAndDashboardTests" time="0.0">
    <system-out><![CDATA[[2026-08-06 11:50:00.154] [INFO] Completed: testNav009 | Status: PASSED
]]></system-out>
  </testcase>
  <testcase name="testNavRest[org.testng.TestRunner@1d0a3d74](1)" classname="com.smartfund.tests.NavigationAndDashboardTests" time="0.0">
    <system-out><![CDATA[[2026-08-06 11:50:00.154] [INFO] Completed: testNav010 | Status: PASSED
]]></system-out>
  </testcase>
  <testcase name="testAccessibilitySuite[org.testng.TestRunner@1d0a3d74](1)" classname="com.smartfund.tests.SearchFilterValidationTests" time="0.0">
    <system-out><![CDATA[[2026-08-06 11:50:00.156] [INFO] Completed: testNavRest | Status: PASSED
]]></system-out>
  </testcase>
  <testcase name="testErrorHandlingSuite[org.testng.TestRunner@1d0a3d74](1)" classname="com.smartfund.tests.SearchFilterValidationTests" time="0.0">
    <system-out><![CDATA[[2026-08-06 11:50:00.159] [INFO] Completed: testAccessibilitySuite | Status: PASSED
]]></system-out>
  </testcase>
  <testcase name="testFileUploadSuite[org.testng.TestRunner@1d0a3d74](1)" classname="com.smartfund.tests.SearchFilterValidationTests" time="0.0">
    <system-out><![CDATA[[2026-08-06 11:50:00.161] [INFO] Completed: testErrorHandlingSuite | Status: PASSED
]]></system-out>
  </testcase>
  <testcase name="testFiltersSuite[org.testng.TestRunner@1d0a3d74](1)" classname="com.smartfund.tests.SearchFilterValidationTests" time="0.0">
    <system-out><![CDATA[[2026-08-06 11:50:00.163] [INFO] Completed: testFileUploadSuite | Status: PASSED
]]></system-out>
  </testcase>
  <testcase name="testFullRegressionSuite[org.testng.TestRunner@1d0a3d74](1)" classname="com.smartfund.tests.SearchFilterValidationTests" time="0.0">
    <system-out><![CDATA[[2026-08-06 11:50:00.164] [INFO] Completed: testFiltersSuite | Status: PASSED
]]></system-out>
  </testcase>
  <testcase name="testInputValidationSuite[org.testng.TestRunner@1d0a3d74](1)" classname="com.smartfund.tests.SearchFilterValidationTests" time="0.0">
    <system-out><![CDATA[[2026-08-06 11:50:00.165] [INFO] Completed: testFullRegressionSuite | Status: PASSED
]]></system-out>
  </testcase>
  <testcase name="testNotificationsSuite[org.testng.TestRunner@1d0a3d74](1)" classname="com.smartfund.tests.SearchFilterValidationTests" time="0.0">
    <system-out><![CDATA[[2026-08-06 11:50:00.166] [INFO] Completed: testInputValidationSuite | Status: PASSED
]]></system-out>
  </testcase>
  <testcase name="testOfflineHandlingSuite[org.testng.TestRunner@1d0a3d74](1)" classname="com.smartfund.tests.SearchFilterValidationTests" time="0.001">
    <system-out><![CDATA[[2026-08-06 11:50:00.170] [INFO] Completed: testNotificationsSuite | Status: PASSED
]]></system-out>
  </testcase>
  <testcase name="testPerformanceSmokeSuite[org.testng.TestRunner@1d0a3d74](1)" classname="com.smartfund.tests.SearchFilterValidationTests" time="0.0">
    <system-out><![CDATA[[2026-08-06 11:50:00.170] [INFO] Completed: testOfflineHandlingSuite | Status: PASSED
]]></system-out>
  </testcase>
  <testcase name="testResponsiveUiSuite[org.testng.TestRunner@1d0a3d74](1)" classname="com.smartfund.tests.SearchFilterValidationTests" time="0.0">
    <system-out><![CDATA[[2026-08-06 11:50:00.172] [INFO] Completed: testPerformanceSmokeSuite | Status: PASSED
]]></system-out>
  </testcase>
  <testcase name="testSearchSuite[org.testng.TestRunner@1d0a3d74](1)" classname="com.smartfund.tests.SearchFilterValidationTests" time="0.0">
    <system-out><![CDATA[[2026-08-06 11:50:00.173] [INFO] Completed: testResponsiveUiSuite | Status: PASSED
]]></system-out>
  </testcase>
  <testcase name="testSessionManagementSuite[org.testng.TestRunner@1d0a3d74](1)" classname="com.smartfund.tests.SearchFilterValidationTests" time="0.0">
    <system-out><![CDATA[[2026-08-06 11:50:00.174] [INFO] Completed: testSearchSuite | Status: PASSED
]]></system-out>
  </testcase>
</testsuite>