<?xml version="1.0" encoding="UTF-8"?>
<!-- Generated by org.testng.reporters.JUnitXMLReporter -->
<testsuite ignored="3" hostname="Dhanushs-MacBook-Pro-2.local" failures="0" tests="141" name="Appium &amp; Selenium E2E Automation Tests" time="0.399" errors="0" timestamp="2026-08-06T11:50:00 IST">
  <testcase classname="com.smartfund.tests.AuthenticationTests" name="testAppleLogin" time="0.005"/>
  <testcase classname="com.smartfund.tests.AuthenticationTests" name="testAccountLockout" time="0.005"/>
  <testcase classname="com.smartfund.tests.AuthenticationTests" name="testAutoLogoutTokenExpiration" time="0.0"/>
  <testcase classname="com.smartfund.tests.AuthenticationTests" name="testBiometricFaceUnlock" time="0.001"/>
  <testcase classname="com.smartfund.tests.AuthenticationTests" name="testBiometricFallbackPin" time="0.001"/>
  <testcase classname="com.smartfund.tests.AuthenticationTests" name="testBiometricFingerprint" time="0.0"/>
  <testcase classname="com.smartfund.tests.AuthenticationTests" name="testChangePasswordCurrentPasswordReq" time="0.001"/>
  <testcase classname="com.smartfund.tests.AuthenticationTests" name="testCaseInsensitiveEmail" time="0.001"/>
  <testcase classname="com.smartfund.tests.AuthenticationTests" name="testChangePasswordPreventReuse" time="0.001"/>
  <testcase classname="com.smartfund.tests.AuthenticationTests" name="testConcurrentDeviceLogin" time="0.0"/>
  <testcase classname="com.smartfund.tests.AuthenticationTests" name="testEmptyPassword" time="0.001"/>
  <testcase classname="com.smartfund.tests.AuthenticationTests" name="testEmptyEmail" time="0.001"/>
  <testcase classname="com.smartfund.tests.AuthenticationTests" name="testExpiredOtp" time="0.001"/>
  <testcase classname="com.smartfund.tests.AuthenticationTests" name="testForgotPasswordTrigger" time="0.0"/>
  <testcase classname="com.smartfund.tests.AuthenticationTests" name="testGoogleLogin" time="0.001"/>
  <testcase classname="com.smartfund.tests.AuthenticationTests" name="testInvalidPassword" time="0.0"/>
  <testcase classname="com.smartfund.tests.AuthenticationTests" name="testJwtSignatureValidation" time="0.0"/>
  <testcase classname="com.smartfund.tests.AuthenticationTests" name="testLoginButtonProcessingState" time="0.001"/>
  <testcase classname="com.smartfund.tests.AuthenticationTests" name="testLoginNetworkTimeout" time="0.0"/>
  <testcase classname="com.smartfund.tests.AuthenticationTests" name="testLoginScreenAccessibilityLabels" time="0.001"/>
  <testcase classname="com.smartfund.tests.AuthenticationTests" name="testLoginScreenDarkMode" time="0.001"/>
  <testcase classname="com.smartfund.tests.AuthenticationTests" name="testOAuthCodeExchange" time="0.001"/>
  <testcase classname="com.smartfund.tests.AuthenticationTests" name="testPasswordMasking" time="0.0"/>
  <testcase classname="com.smartfund.tests.AuthenticationTests" name="testPasswordResetLinkExpiry" time="0.0"/>
  <testcase classname="com.smartfund.tests.AuthenticationTests" name="testReAuthenticationAfterExpiry" time="0.0"/>
  <testcase classname="com.smartfund.tests.AuthenticationTests" name="testPasswordToggle" time="0.0"/>
  <testcase classname="com.smartfund.tests.AuthenticationTests" name="testRememberMe" time="0.0"/>
  <testcase classname="com.smartfund.tests.AuthenticationTests" name="testResendOtp" time="0.0"/>
  <testcase classname="com.smartfund.tests.AuthenticationTests" name="testResetPasswordLink" time="0.001"/>
  <testcase classname="com.smartfund.tests.AuthenticationTests" name="testResetWeakPassword" time="0.0"/>
  <testcase classname="com.smartfund.tests.AuthenticationTests" name="testSqlInjectionInEmail" time="0.0"/>
  <testcase classname="com.smartfund.tests.AuthenticationTests" name="testSessionPersistence" time="0.0"/>
  <testcase classname="com.smartfund.tests.AuthenticationTests" name="testSslPinningFailure" time="0.0"/>
  <testcase classname="com.smartfund.tests.AuthenticationTests" name="testSuccessfulLogout" time="0.0"/>
  <testcase classname="com.smartfund.tests.AuthenticationTests" name="testTrimWhitespaceEmail" time="0.001"/>
  <testcase classname="com.smartfund.tests.AuthenticationTests" name="testTwoFactorTrigger" time="0.001"/>
  <testcase classname="com.smartfund.tests.AuthenticationTests" name="testValidLogin" time="0.001"/>
  <testcase classname="com.smartfund.tests.AuthenticationTests" name="testUnregisteredEmail" time="0.0"/>
  <testcase classname="com.smartfund.tests.AuthenticationTests" name="testValidOtpAuthentication" time="0.0"/>
  <testcase classname="com.smartfund.tests.AuthenticationTests" name="testXssInEmail" time="0.001"/>
  <testcase classname="com.smartfund.tests.AuthorizationAndProfileTests" name="testAuthz001" time="0.0"/>
  <testcase classname="com.smartfund.tests.AuthorizationAndProfileTests" name="testAuthz002" time="0.0"/>
  <testcase classname="com.smartfund.tests.AuthorizationAndProfileTests" name="testAuthz003" time="0.001"/>
  <testcase classname="com.smartfund.tests.AuthorizationAndProfileTests" name="testAuthz005" time="0.001"/>
  <testcase classname="com.smartfund.tests.AuthorizationAndProfileTests" name="testAuthz004" time="0.001"/>
  <testcase classname="com.smartfund.tests.AuthorizationAndProfileTests" name="testAuthz006" time="0.0"/>
  <testcase classname="com.smartfund.tests.AuthorizationAndProfileTests" name="testAuthz007" time="0.0"/>
  <testcase classname="com.smartfund.tests.AuthorizationAndProfileTests" name="testAuthz008" time="0.0"/>
  <testcase classname="com.smartfund.tests.AuthorizationAndProfileTests" name="testAuthz009" time="0.001"/>
  <testcase classname="com.smartfund.tests.AuthorizationAndProfileTests" name="testAuthz010" time="0.001"/>
  <testcase classname="com.smartfund.tests.AuthorizationAndProfileTests" name="testAuthz011" time="0.0"/>
  <testcase classname="com.smartfund.tests.AuthorizationAndProfileTests" name="testAuthz013" time="0.0"/>
  <testcase classname="com.smartfund.tests.AuthorizationAndProfileTests" name="testAuthz012" time="0.001"/>
  <testcase classname="com.smartfund.tests.AuthorizationAndProfileTests" name="testAuthz014" time="0.001"/>
  <testcase classname="com.smartfund.tests.AuthorizationAndProfileTests" name="testAuthz015" time="0.0"/>
  <testcase classname="com.smartfund.tests.AuthorizationAndProfileTests" name="testAuthz016" time="0.001"/>
  <testcase classname="com.smartfund.tests.AuthorizationAndProfileTests" name="testAuthz017" time="0.0"/>
  <testcase classname="com.smartfund.tests.AuthorizationAndProfileTests" name="testAuthz018" time="0.0"/>
  <testcase classname="com.smartfund.tests.AuthorizationAndProfileTests" name="testAuthz019" time="0.0"/>
  <testcase classname="com.smartfund.tests.AuthorizationAndProfileTests" name="testAuthz020" time="0.0"/>
  <testcase classname="com.smartfund.tests.AuthorizationAndProfileTests" name="testAuthz021" time="0.001"/>
  <testcase classname="com.smartfund.tests.AuthorizationAndProfileTests" name="testAuthz023" time="0.0"/>
  <testcase classname="com.smartfund.tests.AuthorizationAndProfileTests" name="testAuthz022" time="0.002"/>
  <testcase classname="com.smartfund.tests.AuthorizationAndProfileTests" name="testAuthz024" time="0.001"/>
  <testcase classname="com.smartfund.tests.AuthorizationAndProfileTests" name="testAuthz025" time="0.0"/>
  <testcase classname="com.smartfund.tests.AuthorizationAndProfileTests" name="testAuthz026" time="0.002"/>
  <testcase classname="com.smartfund.tests.AuthorizationAndProfileTests" name="testAuthz028" time="0.001"/>
  <testcase classname="com.smartfund.tests.AuthorizationAndProfileTests" name="testAuthz027" time="0.001"/>
  <testcase classname="com.smartfund.tests.AuthorizationAndProfileTests" name="testAuthz030" time="0.001"/>
  <testcase classname="com.smartfund.tests.AuthorizationAndProfileTests" name="testAuthz029" time="0.0"/>
  <testcase classname="com.smartfund.tests.AuthorizationAndProfileTests" name="testProf001" time="0.001"/>
  <testcase classname="com.smartfund.tests.AuthorizationAndProfileTests" name="testProf002" time="0.001"/>
  <testcase classname="com.smartfund.tests.AuthorizationAndProfileTests" name="testProf003" time="0.0"/>
  <testcase classname="com.smartfund.tests.AuthorizationAndProfileTests" name="testProf004" time="0.001"/>
  <testcase classname="com.smartfund.tests.AuthorizationAndProfileTests" name="testProf005" time="0.001"/>
  <testcase classname="com.smartfund.tests.AuthorizationAndProfileTests" name="testProf007" time="0.0"/>
  <testcase classname="com.smartfund.tests.AuthorizationAndProfileTests" name="testProf006" time="0.0"/>
  <testcase classname="com.smartfund.tests.AuthorizationAndProfileTests" name="testProf008" time="0.001"/>
  <testcase classname="com.smartfund.tests.AuthorizationAndProfileTests" name="testProf009" time="0.001"/>
  <testcase classname="com.smartfund.tests.AuthorizationAndProfileTests" name="testProf010" time="0.0"/>
  <testcase classname="com.smartfund.tests.AuthorizationAndProfileTests" name="testProf011" time="0.001"/>
  <testcase classname="com.smartfund.tests.AuthorizationAndProfileTests" name="testProf012" time="0.0"/>
  <testcase classname="com.smartfund.tests.AuthorizationAndProfileTests" name="testProf014" time="0.001"/>
  <testcase classname="com.smartfund.tests.AuthorizationAndProfileTests" name="testProf013" time="0.0"/>
  <testcase classname="com.smartfund.tests.AuthorizationAndProfileTests" name="testProf015" time="0.001"/>
  <testcase classname="com.smartfund.tests.AuthorizationAndProfileTests" name="testProf016" time="0.0"/>
  <testcase classname="com.smartfund.tests.AuthorizationAndProfileTests" name="testProf017" time="0.0"/>
  <testcase classname="com.smartfund.tests.AuthorizationAndProfileTests" name="testProf018" time="0.001"/>
  <testcase classname="com.smartfund.tests.AuthorizationAndProfileTests" name="testProf019" time="0.0"/>
  <testcase classname="com.smartfund.tests.AuthorizationAndProfileTests" name="testProf020" time="0.0"/>
  <testcase classname="com.smartfund.tests.AuthorizationAndProfileTests" name="testReg002" time="0.0"/>
  <testcase classname="com.smartfund.tests.AuthorizationAndProfileTests" name="testReg001" time="0.0"/>
  <testcase classname="com.smartfund.tests.AuthorizationAndProfileTests" name="testReg003" time="0.001"/>
  <testcase classname="com.smartfund.tests.AuthorizationAndProfileTests" name="testReg004" time="0.001"/>
  <testcase classname="com.smartfund.tests.AuthorizationAndProfileTests" name="testReg005" time="0.0"/>
  <testcase classname="com.smartfund.tests.AuthorizationAndProfileTests" name="testReg006" time="0.001"/>
  <testcase classname="com.smartfund.tests.AuthorizationAndProfileTests" name="testReg008" time="0.0"/>
  <testcase classname="com.smartfund.tests.AuthorizationAndProfileTests" name="testReg007" time="0.003"/>
  <testcase classname="com.smartfund.tests.AuthorizationAndProfileTests" name="testReg009" time="0.0"/>
  <testcase classname="com.smartfund.tests.AuthorizationAndProfileTests" name="testReg010" time="0.0"/>
  <testcase classname="com.smartfund.tests.AuthorizationAndProfileTests" name="testReg012" time="0.001"/>
  <testcase classname="com.smartfund.tests.AuthorizationAndProfileTests" name="testReg013" time="0.001"/>
  <testcase classname="com.smartfund.tests.AuthorizationAndProfileTests" name="testReg011" time="0.0"/>
  <testcase classname="com.smartfund.tests.AuthorizationAndProfileTests" name="testReg014" time="0.0"/>
  <testcase classname="com.smartfund.tests.AuthorizationAndProfileTests" name="testReg015" time="0.0"/>
  <testcase classname="com.smartfund.tests.AuthorizationAndProfileTests" name="testReg016" time="0.0"/>
  <testcase classname="com.smartfund.tests.AuthorizationAndProfileTests" name="testReg017" time="0.0"/>
  <testcase classname="com.smartfund.tests.AuthorizationAndProfileTests" name="testReg019" time="0.0"/>
  <testcase classname="com.smartfund.tests.AuthorizationAndProfileTests" name="testReg018" time="0.0"/>
  <testcase classname="com.smartfund.tests.AuthorizationAndProfileTests" name="testReg020" time="0.001"/>
  <testcase classname="com.smartfund.tests.NavigationAndDashboardTests" name="testCrudFull" time="0.001"/>
  <testcase classname="com.smartfund.tests.NavigationAndDashboardTests" name="testDash001" time="0.0"/>
  <testcase classname="com.smartfund.tests.NavigationAndDashboardTests" name="testDash002" time="0.001"/>
  <testcase classname="com.smartfund.tests.NavigationAndDashboardTests" name="testDash003" time="0.0"/>
  <testcase classname="com.smartfund.tests.NavigationAndDashboardTests" name="testDash004" time="0.0"/>
  <testcase classname="com.smartfund.tests.NavigationAndDashboardTests" name="testDash005" time="0.001"/>
  <testcase classname="com.smartfund.tests.NavigationAndDashboardTests" name="testDashRest" time="0.001"/>
  <testcase classname="com.smartfund.tests.NavigationAndDashboardTests" name="testNav001" time="0.001"/>
  <testcase classname="com.smartfund.tests.NavigationAndDashboardTests" name="testFormsFull" time="0.0"/>
  <testcase classname="com.smartfund.tests.NavigationAndDashboardTests" name="testNav002" time="0.001"/>
  <testcase classname="com.smartfund.tests.NavigationAndDashboardTests" name="testNav003" time="0.001"/>
  <testcase classname="com.smartfund.tests.NavigationAndDashboardTests" name="testNav004" time="0.0"/>
  <testcase classname="com.smartfund.tests.NavigationAndDashboardTests" name="testNav005" time="0.0"/>
  <testcase classname="com.smartfund.tests.NavigationAndDashboardTests" name="testNav006" time="0.001"/>
  <testcase classname="com.smartfund.tests.NavigationAndDashboardTests" name="testNav007" time="0.001"/>
  <testcase classname="com.smartfund.tests.NavigationAndDashboardTests" name="testNav008" time="0.0"/>
  <testcase classname="com.smartfund.tests.NavigationAndDashboardTests" name="testNav009" time="0.0"/>
  <testcase classname="com.smartfund.tests.NavigationAndDashboardTests" name="testNav010" time="0.0"/>
  <testcase classname="com.smartfund.tests.NavigationAndDashboardTests" name="testNavRest" time="0.001"/>
  <testcase classname="com.smartfund.tests.SearchFilterValidationTests" name="testAccessibilitySuite" time="0.001"/>
  <testcase classname="com.smartfund.tests.SearchFilterValidationTests" name="testErrorHandlingSuite" time="0.001"/>
  <testcase classname="com.smartfund.tests.SearchFilterValidationTests" name="testFileUploadSuite" time="0.0"/>
  <testcase classname="com.smartfund.tests.SearchFilterValidationTests" name="testFiltersSuite" time="0.0"/>
  <testcase classname="com.smartfund.tests.SearchFilterValidationTests" name="testFullRegressionSuite" time="0.001"/>
  <testcase classname="com.smartfund.tests.SearchFilterValidationTests" name="testInputValidationSuite" time="0.0"/>
  <testcase classname="com.smartfund.tests.SearchFilterValidationTests" name="testNotificationsSuite" time="0.001"/>
  <testcase classname="com.smartfund.tests.SearchFilterValidationTests" name="testOfflineHandlingSuite" time="0.0"/>
  <testcase classname="com.smartfund.tests.SearchFilterValidationTests" name="testPerformanceSmokeSuite" time="0.0"/>
  <testcase classname="com.smartfund.tests.SearchFilterValidationTests" name="testResponsiveUiSuite" time="0.001"/>
  <testcase classname="com.smartfund.tests.SearchFilterValidationTests" name="testSearchSuite" time="0.0"/>
  <testcase classname="com.smartfund.tests.SearchFilterValidationTests" name="testSessionManagementSuite" time="0.001"/>
  <testcase classname="com.smartfund.tests.BaseTest" name="@BeforeSuite beforeSuite" time="0.0">
    <ignored/>
  </testcase> <!-- @BeforeSuite beforeSuite -->
  <testcase classname="com.smartfund.tests.BaseTest" name="@BeforeSuite beforeSuite" time="0.0">
    <ignored/>
  </testcase> <!-- @BeforeSuite beforeSuite -->
  <testcase classname="com.smartfund.tests.BaseTest" name="@BeforeSuite beforeSuite" time="0.0">
    <ignored/>
  </testcase> <!-- @BeforeSuite beforeSuite -->
</testsuite> <!-- Appium & Selenium E2E Automation Tests -->
